 9999999 302  76 70.0   0 BA 2600 6 
38.02 -19.16 3 
38.64 -19.13 2 
39.29 -19.13 2 
39.89 -19.03 2 
40.44 -18.99 2 
40.94 -18.91 2 
41.41 -18.86 2 
41.80 -18.74 2 
42.31 -18.56 2 
42.87 -18.24 2 
43.85 -17.67 2 
44.38 -17.31 2 
45.05 -16.86 2 
45.54 -16.63 2 
45.93 -16.41 2 
46.26 -16.29 3 
 99.00   0.00  3 
 9999999 101  76 70.0   0 BA 2600 6 
38.49 -39.91 3 
39.11 -39.96 2 
39.76 -40.05 2 
40.36 -40.03 2 
40.92 -40.07 2 
41.42 -40.06 2 
41.89 -40.07 2 
42.28 -40.00 2 
42.81 -39.90 2 
43.39 -39.66 2 
44.41 -39.24 2 
44.97 -38.96 2 
45.66 -38.62 2 
46.17 -38.46 2 
46.58 -38.30 2 
46.91 -38.24 3 
 99.00   0.00  3 
 9999999 302  76 71.2   0 BA 3000 5 
38.03 -18.96 3 
38.64 -18.93 2 
39.30 -18.94 2 
39.89 -18.84 2 
40.45 -18.80 2 
40.95 -18.73 2 
41.42 -18.68 2 
41.80 -18.56 2 
42.32 -18.39 2 
42.88 -18.07 2 
43.86 -17.51 2 
44.40 -17.15 2 
45.06 -16.71 2 
45.55 -16.47 2 
45.95 -16.25 2 
46.27 -16.14 3 
 99.00   0.00  3 
 9999999 101  76 71.2   0 BA 3000 5 
38.51 -40.11 3 
39.13 -40.16 2 
39.77 -40.24 2 
40.38 -40.21 2 
40.93 -40.25 2 
41.44 -40.24 2 
41.91 -40.25 2 
42.30 -40.18 2 
42.82 -40.08 2 
43.40 -39.84 2 
44.42 -39.41 2 
44.98 -39.13 2 
45.68 -38.78 2 
46.18 -38.61 2 
46.59 -38.46 2 
46.92 -38.39 3 
 99.00   0.00  3 
 9999999 302  76 76.1   0 BA 3500 4 
38.06 -18.16 3 
38.68 -18.15 2 
39.33 -18.16 2 
39.93 -18.08 2 
40.49 -18.06 2 
40.99 -18.00 2 
41.46 -17.96 2 
41.84 -17.84 2 
42.36 -17.68 2 
42.92 -17.37 2 
43.91 -16.83 2 
44.45 -16.49 2 
45.12 -16.06 2 
45.62 -15.84 2 
46.01 -15.63 2 
46.34 -15.53 3 
 99.00   0.00  3 
 9999999 101  76 76.1   0 BA 3500 4 
38.58 -40.91 3 
39.20 -40.94 2 
39.85 -41.01 2 
40.45 -40.98 2 
41.01 -41.00 2 
41.51 -40.98 2 
41.98 -40.98 2 
42.38 -40.90 2 
42.90 -40.78 2 
43.48 -40.53 2 
44.49 -40.08 2 
45.05 -39.78 2 
45.73 -39.42 2 
46.24 -39.24 2 
46.64 -39.07 2 
46.98 -39.00 3 
 99.00   0.00  3 
 9999999 302  76 84.7   0 BA 4000 3 
38.08 -16.83 3 
38.70 -16.84 2 
39.35 -16.88 2 
39.95 -16.82 2 
40.51 -16.82 2 
41.01 -16.78 2 
41.48 -16.76 2 
41.87 -16.66 2 
42.39 -16.52 2 
42.96 -16.25 2 
43.96 -15.75 2 
44.51 -15.43 2 
45.19 -15.04 2 
45.69 -14.84 2 
46.09 -14.65 2 
46.42 -14.56 3 
 99.00   0.00  3 
 9999999 101  76 84.7   0 BA 4000 3 
38.84 -42.26 3 
39.46 -42.27 2 
40.11 -42.31 2 
40.71 -42.25 2 
41.27 -42.25 2 
41.77 -42.21 2 
42.24 -42.19 2 
42.63 -42.09 2 
43.15 -41.95 2 
43.72 -41.67 2 
44.72 -41.17 2 
45.27 -40.85 2 
45.95 -40.45 2 
46.45 -40.25 2 
46.85 -40.06 2 
47.18 -39.97 3 
 99.00   0.00  3 
 9999999 302  76 97.5   0 BA 4500 2 
37.78 -15.31 3 
38.40 -15.37 2 
39.05 -15.46 2 
39.65 -15.45 2 
40.21 -15.50 2 
40.71 -15.50 2 
41.18 -15.53 2 
41.57 -15.46 2 
42.10 -15.37 2 
42.68 -15.15 2 
43.70 -14.75 2 
44.27 -14.49 2 
44.97 -14.16 2 
45.47 -14.02 2 
45.88 -13.87 2 
46.22 -13.82 3 
 99.00   0.00  3 
 9999999 101  76 97.5   0 BA 4500 2 
39.83 -43.84 3 
40.45 -43.80 2 
41.10 -43.79 2 
41.69 -43.68 2 
42.25 -43.63 2 
42.75 -43.55 2 
43.22 -43.49 2 
43.60 -43.35 2 
44.12 -43.17 2 
44.67 -42.83 2 
45.65 -42.23 2 
46.18 -41.85 2 
46.84 -41.37 2 
47.33 -41.12 2 
47.72 -40.89 2 
48.04 -40.76 3 
 99.00   0.00  3 
 9999999 302  76 118.0   0 BA 5000 1 
37.46 -12.90 3 
38.07 -13.04 2 
38.71 -13.22 2 
39.31 -13.29 2 
39.86 -13.42 2 
40.36 -13.49 2 
40.82 -13.58 2 
41.22 -13.57 2 
41.75 -13.56 2 
42.35 -13.42 2 
43.39 -13.18 2 
43.98 -13.01 2 
44.70 -12.80 2 
45.21 -12.74 2 
45.63 -12.66 2 
45.97 -12.67 3 
 99.00   0.00  3 
 9999999 101  76 118.0   0 BA 5000 1 
41.58 -46.18 3 
42.19 -46.05 2 
42.84 -45.96 2 
43.42 -45.76 2 
43.98 -45.63 2 
44.46 -45.48 2 
44.93 -45.35 2 
45.30 -45.15 2 
45.79 -44.88 2 
46.32 -44.45 2 
47.24 -43.68 2 
47.74 -43.20 2 
48.36 -42.61 2 
48.83 -42.26 2 
49.20 -41.96 2 
49.51 -41.77 3 
 99.00   0.00  3 
 9999999 102  76 70.0   0 BA 2600 6 
68.93 -57.09 3 
68.54 -56.69 2 
68.22 -56.49 3 
67.91 -56.26 2 
67.42 -56.19 3 
67.04 -55.91 2 
66.45 -55.83 3 
65.90 -55.71 2 
65.44 -55.88 3 
65.00 -55.79 2 
64.53 -55.74 3 
64.06 -55.57 2 
63.34 -54.78 2 
62.71 -54.15 2 
61.81 -52.87 2 
60.86 -51.22 2 
60.19 -50.53 2 
59.72 -50.08 2 
59.09 -48.56 2 
59.15 -47.24 3 
58.85 -45.78 2 
58.54 -44.61 2 
58.66 -42.89 2 
58.91 -42.69 2 
58.80 -41.65 2 
58.52 -40.09 2 
58.39 -38.74 2 
58.58 -37.36 2 
 99.00   0.00  3 
 9999999 101  76 70.0   0 BA 2600 6 
65.74 -60.22 3 
65.35 -59.92 2 
65.02 -59.78 3 
64.71 -59.60 2 
64.22 -59.59 3 
63.83 -59.38 2 
63.24 -59.37 3 
62.69 -59.32 2 
62.24 -59.51 3 
61.79 -59.46 2 
61.32 -59.45 3 
60.85 -59.34 2 
60.12 -58.68 2 
59.48 -58.16 2 
58.56 -57.06 2 
57.59 -55.62 2 
56.91 -55.02 2 
56.43 -54.63 2 
55.78 -53.27 2 
55.84 -52.06 3 
55.52 -50.73 2 
55.21 -49.68 2 
55.31 -48.10 2 
55.56 -47.91 2 
55.45 -46.96 2 
55.16 -45.54 2 
55.03 -44.31 2 
55.22 -43.05 2 
 99.00   0.00  3 
 9999999 102  76 71.2   0 BA 3000 5 
68.97 -56.97 3 
68.58 -56.57 2 
68.26 -56.37 3 
67.95 -56.14 2 
67.46 -56.07 3 
67.08 -55.80 2 
66.49 -55.72 3 
65.94 -55.61 2 
65.48 -55.78 3 
65.04 -55.68 2 
64.57 -55.63 3 
64.10 -55.47 2 
63.38 -54.68 2 
62.75 -54.06 2 
61.85 -52.77 2 
60.90 -51.13 2 
60.22 -50.44 2 
59.75 -49.99 2 
59.12 -48.47 2 
59.19 -47.15 3 
58.88 -45.69 2 
58.57 -44.52 2 
58.69 -42.80 2 
58.94 -42.59 2 
58.83 -41.55 2 
58.55 -39.99 2 
58.42 -38.65 2 
58.60 -37.27 2 
 99.00   0.00  3 
 9999999 101  76 71.2   0 BA 3000 5 
65.70 -60.33 3 
65.31 -60.02 2 
64.98 -59.88 3 
64.67 -59.71 2 
64.18 -59.69 3 
63.80 -59.48 2 
63.21 -59.46 3 
62.65 -59.41 2 
62.20 -59.60 3 
61.76 -59.55 2 
61.29 -59.54 3 
60.81 -59.43 2 
60.08 -58.77 2 
59.44 -58.25 2 
58.53 -57.14 2 
57.56 -55.70 2 
56.87 -55.10 2 
56.40 -54.71 2 
55.75 -53.35 2 
55.80 -52.14 3 
55.49 -50.82 2 
55.17 -49.76 2 
55.28 -48.19 2 
55.53 -47.99 2 
55.42 -47.05 2 
55.13 -45.62 2 
55.00 -44.40 2 
55.19 -43.14 2 
 99.00   0.00  3 
 9999999 102  76 76.1   0 BA 3500 4 
69.13 -56.47 3 
68.74 -56.08 2 
68.41 -55.88 3 
68.10 -55.66 2 
67.61 -55.60 3 
67.23 -55.33 2 
66.65 -55.26 3 
66.10 -55.16 2 
65.63 -55.35 3 
65.19 -55.26 2 
64.73 -55.22 3 
64.26 -55.06 2 
63.53 -54.28 2 
62.90 -53.66 2 
61.99 -52.39 2 
61.04 -50.75 2 
60.36 -50.07 2 
59.89 -49.62 2 
59.25 -48.10 2 
59.31 -46.78 3 
59.00 -45.31 2 
58.69 -44.15 2 
58.79 -42.42 2 
59.04 -42.21 2 
58.93 -41.17 2 
58.65 -39.61 2 
58.51 -38.26 2 
58.69 -36.87 2 
 99.00   0.00  3 
 9999999 101  76 76.1   0 BA 3500 4 
65.54 -60.75 3 
65.15 -60.44 2 
64.82 -60.29 3 
64.51 -60.12 2 
64.02 -60.09 3 
63.64 -59.88 2 
63.05 -59.85 3 
62.50 -59.79 2 
62.04 -59.97 3 
61.60 -59.92 2 
61.13 -59.90 3 
60.66 -59.78 2 
59.92 -59.12 2 
59.29 -58.59 2 
58.37 -57.48 2 
57.41 -56.03 2 
56.73 -55.43 2 
56.26 -55.03 2 
55.61 -53.67 2 
55.67 -52.46 3 
55.36 -51.14 2 
55.05 -50.08 2 
55.16 -48.52 2 
55.41 -48.33 2 
55.30 -47.38 2 
55.02 -45.96 2 
54.90 -44.74 2 
55.09 -43.48 2 
 99.00   0.00  3 
 9999999 102  76 84.7   0 BA 4000 3 
69.37 -55.81 3 
68.98 -55.41 2 
68.65 -55.21 3 
68.35 -54.98 2 
67.86 -54.91 3 
67.48 -54.64 2 
66.89 -54.56 3 
66.34 -54.46 2 
65.88 -54.64 3 
65.44 -54.54 2 
64.97 -54.50 3 
64.50 -54.33 2 
63.77 -53.54 2 
63.15 -52.91 2 
62.24 -51.62 2 
61.29 -49.97 2 
60.61 -49.28 2 
60.14 -48.82 2 
59.50 -47.29 2 
59.56 -45.96 3 
59.25 -44.48 2 
58.94 -43.30 2 
59.05 -41.57 2 
59.30 -41.35 2 
59.19 -40.30 2 
58.90 -38.73 2 
58.77 -37.38 2 
58.95 -35.97 2 
 99.00   0.00  3 
 9999999 101  76 84.7   0 BA 4000 3 
65.31 -61.37 3 
64.92 -61.07 2 
64.59 -60.93 3 
64.27 -60.76 2 
63.78 -60.74 3 
63.40 -60.53 2 
62.81 -60.51 3 
62.26 -60.45 2 
61.80 -60.64 3 
61.36 -60.59 2 
60.89 -60.58 3 
60.42 -60.46 2 
59.69 -59.81 2 
59.05 -59.29 2 
58.14 -58.19 2 
57.17 -56.76 2 
56.48 -56.17 2 
56.01 -55.78 2 
55.37 -54.43 2 
55.42 -53.23 3 
55.11 -51.92 2 
54.80 -50.87 2 
54.91 -49.31 2 
55.16 -49.12 2 
55.05 -48.18 2 
54.77 -46.77 2 
54.64 -45.56 2 
54.83 -44.31 2 
 99.00   0.00  3 
 9999999 402  76 70.0   0 BA 2600 6 
83.28 -44.50 3 
83.64 -44.35 2 
84.11 -44.14 2 
84.52 -44.86 2 
85.18 -45.30 2 
85.47 -45.29 2 
85.70 -44.76 2 
86.00 -45.09 2 
86.08 -44.30 2 
86.55 -44.17 2 
86.86 -44.62 2 
87.22 -45.43 2 
87.75 -41.66 2 
88.01 -40.24 2 
88.51 -45.36 2 
89.07 -55.25 2 
89.13 -65.58 2 
89.50 -100.43 2 
89.56 -138.37 2 
89.55 -166.85 2 
89.43 162.21 2 
89.40 137.61 2 
89.01 129.23 2 
88.67 126.70 2 
88.11 129.05 2 
87.69 131.72 2 
87.17 135.99 2 
86.78 137.91 2 
86.40 138.57 2 
85.96 139.82 2 
85.24 140.94 2 
84.63 139.96 2 
83.98 138.52 2 
83.33 137.46 2 
82.89 136.61 2 
82.37 136.30 2 
82.17 136.22 2 
81.59 136.62 2 
81.15 136.23 2 
80.69 136.37 2 
80.26 136.43 2 
79.91 136.05 2 
79.59 135.71 2 
79.20 135.48 2 
78.73 135.07 2 
78.27 134.84 2 
78.28 134.87 3 
 99.00   0.00  3 
 9999999 301  76 70.0   0 BA 2600 6 
80.45 20.14 3 
80.67 21.90 2 
80.94 24.30 2 
81.23 26.22 2 
81.61 29.81 2 
81.75 31.59 2 
81.83 33.14 2 
81.98 35.00 2 
81.96 35.63 2 
82.14 38.82 2 
82.28 40.89 2 
82.43 43.31 2 
82.42 47.52 2 
82.44 49.52 2 
82.69 53.10 2 
82.89 57.58 2 
83.04 58.33 2 
83.14 62.74 2 
83.15 65.36 2 
83.07 67.08 2 
82.91 69.14 2 
82.67 69.53 2 
82.47 72.28 2 
82.31 74.58 2 
82.14 78.59 2 
82.06 81.67 2 
82.02 85.66 2 
81.95 88.47 2 
81.82 91.06 2 
81.69 94.02 2 
81.40 98.55 2 
80.99 101.54 2 
80.47 104.19 2 
79.96 106.55 2 
79.58 107.92 2 
79.17 109.72 2 
79.01 110.39 2 
78.61 112.56 2 
78.23 113.72 2 
77.88 115.16 2 
77.54 116.40 2 
77.22 117.08 2 
76.92 117.69 2 
76.57 118.46 2 
76.14 119.25 2 
75.72 120.06 2 
75.73 120.06 3 
 99.00   0.00  3 
 9999999 301  76 70.0   0 BA 2600 6 
46.08 -15.81 3 
46.66 -15.77 2 
47.22 -15.79 2 
47.69 -16.05 2 
48.25 -16.35 2 
48.90 -16.75 2 
49.47 -17.11 2 
50.00 -17.40 2 
50.61 -17.64 2 
51.13 -17.74 2 
51.53 -17.78 2 
51.74 -17.75 2 
51.94 -17.72 2 
52.40 -22.86 3 
52.62 -22.86 2 
52.98 -22.82 2 
53.29 -22.82 2 
53.63 -22.77 2 
54.00 -22.73 2 
54.36 -22.66 2 
54.70 -22.60 2 
55.00 -22.53 2 
55.34 -22.35 2 
55.65 -22.18 2 
55.98 -21.83 2 
 99.00   0.00  3 
 9999999 101  76 70.0   0 BA 2600 6 
46.79 -38.76 3 
47.36 -38.88 2 
47.91 -39.05 2 
48.33 -39.45 2 
48.85 -39.90 2 
49.44 -40.49 2 
49.95 -41.02 2 
50.43 -41.47 2 
51.00 -41.90 2 
51.50 -42.16 2 
51.89 -42.33 2 
52.09 -42.37 2 
52.29 -42.40 2 
52.09 -47.59 3 
52.31 -47.67 2 
52.67 -47.75 2 
52.97 -47.86 2 
53.31 -47.93 2 
53.67 -48.03 2 
54.03 -48.09 2 
54.37 -48.16 2 
54.68 -48.21 2 
55.03 -48.16 2 
55.35 -48.12 2 
55.71 -47.90 2 
 99.00   0.00  3 
 9999999 301  76 71.2   0 BA 3000 5 
46.09 -15.67 3 
46.67 -15.63 2 
47.22 -15.66 2 
47.69 -15.92 2 
48.25 -16.22 2 
48.91 -16.62 2 
49.48 -16.98 2 
50.01 -17.26 2 
50.62 -17.51 2 
51.14 -17.60 2 
51.54 -17.65 2 
51.75 -17.61 2 
51.95 -17.58 2 
52.41 -22.72 3 
52.63 -22.72 2 
52.99 -22.68 2 
53.30 -22.69 2 
53.64 -22.63 2 
54.01 -22.60 2 
54.37 -22.53 2 
54.70 -22.47 2 
55.01 -22.40 2 
55.35 -22.22 2 
55.65 -22.05 2 
55.98 -21.69 2 
 99.00   0.00  3 
 9999999 101  76 71.2   0 BA 3000 5 
46.77 -38.89 3 
47.35 -39.01 2 
47.89 -39.19 2 
48.32 -39.58 2 
48.83 -40.03 2 
49.43 -40.63 2 
49.93 -41.15 2 
50.42 -41.60 2 
50.98 -42.03 2 
51.48 -42.29 2 
51.87 -42.47 2 
52.08 -42.50 2 
52.28 -42.54 2 
52.08 -47.72 3 
52.29 -47.80 2 
52.65 -47.88 2 
52.96 -47.99 2 
53.29 -48.06 2 
53.66 -48.16 2 
54.02 -48.22 2 
54.36 -48.29 2 
54.66 -48.33 2 
55.02 -48.29 2 
55.33 -48.25 2 
55.70 -48.03 2 
 99.00   0.00  3 
 9999999 301  76 76.1   0 BA 3500 4 
46.12 -15.11 3 
46.70 -15.07 2 
47.26 -15.10 2 
47.72 -15.36 2 
48.29 -15.66 2 
48.94 -16.06 2 
49.51 -16.42 2 
50.04 -16.71 2 
50.65 -16.95 2 
51.17 -17.05 2 
51.57 -17.09 2 
51.78 -17.06 2 
51.98 -17.03 2 
52.44 -22.17 3 
52.66 -22.17 2 
53.02 -22.13 2 
53.33 -22.14 2 
53.67 -22.09 2 
54.04 -22.05 2 
54.40 -21.98 2 
54.73 -21.92 2 
55.04 -21.85 2 
55.38 -21.67 2 
55.68 -21.50 2 
56.01 -21.14 2 
 99.00   0.00  3 
 9999999 101  76 76.1   0 BA 3500 4 
46.71 -39.43 3 
47.29 -39.55 2 
47.83 -39.73 2 
48.25 -40.12 2 
48.77 -40.58 2 
49.36 -41.16 2 
49.87 -41.69 2 
50.36 -42.14 2 
50.92 -42.57 2 
51.42 -42.83 2 
51.81 -43.00 2 
52.02 -43.04 2 
52.22 -43.07 2 
52.02 -48.25 3 
52.23 -48.33 2 
52.59 -48.41 2 
52.90 -48.52 2 
53.23 -48.59 2 
53.60 -48.68 2 
53.96 -48.75 2 
54.30 -48.81 2 
54.60 -48.86 2 
54.96 -48.82 2 
55.27 -48.77 2 
55.64 -48.55 2 
 99.00   0.00  3 
 9999999 301  76 84.7   0 BA 4000 3 
46.17 -14.24 3 
46.75 -14.20 2 
47.31 -14.22 2 
47.78 -14.48 2 
48.34 -14.78 2 
49.00 -15.18 2 
49.56 -15.54 2 
50.09 -15.83 2 
50.70 -16.07 2 
51.22 -16.16 2 
51.63 -16.21 2 
51.83 -16.17 2 
52.03 -16.14 2 
52.50 -21.29 3 
52.72 -21.29 2 
53.08 -21.25 2 
53.39 -21.25 2 
53.73 -21.20 2 
54.10 -21.16 2 
54.46 -21.09 2 
54.80 -21.02 2 
55.10 -20.95 2 
55.44 -20.77 2 
55.74 -20.60 2 
56.07 -20.24 2 
 99.00   0.00  3 
 9999999 101  76 84.7   0 BA 4000 3 
46.59 -40.28 3 
47.16 -40.40 2 
47.70 -40.58 2 
48.13 -40.97 2 
48.64 -41.42 2 
49.24 -42.01 2 
49.75 -42.54 2 
50.23 -42.98 2 
50.80 -43.41 2 
51.29 -43.67 2 
51.68 -43.85 2 
51.89 -43.88 2 
52.09 -43.92 2 
51.89 -49.08 3 
52.10 -49.16 2 
52.46 -49.24 2 
52.77 -49.35 2 
53.10 -49.42 2 
53.47 -49.52 2 
53.83 -49.58 2 
54.16 -49.64 2 
54.47 -49.69 2 
54.83 -49.65 2 
55.14 -49.60 2 
55.51 -49.39 2 
 99.00   0.00  3 
 9999999 301  76 97.5   0 BA 4500 2 
46.17 -13.50 3 
46.75 -13.46 2 
47.31 -13.48 2 
47.78 -13.74 2 
48.34 -14.04 2 
49.00 -14.44 2 
49.56 -14.80 2 
50.09 -15.09 2 
50.70 -15.33 2 
51.22 -15.43 2 
51.62 -15.47 2 
51.83 -15.44 2 
52.03 -15.40 2 
52.49 -20.55 3 
52.71 -20.56 2 
53.07 -20.51 2 
53.39 -20.52 2 
53.72 -20.46 2 
54.09 -20.43 2 
54.45 -20.36 2 
54.79 -20.29 2 
55.10 -20.22 2 
55.44 -20.05 2 
55.74 -19.88 2 
56.07 -19.52 2 
 99.00   0.00  3 
 9999999 101  76 97.5   0 BA 4500 2 
46.55 -41.02 3 
47.12 -41.14 2 
47.66 -41.31 2 
48.09 -41.70 2 
48.61 -42.16 2 
49.20 -42.74 2 
49.71 -43.27 2 
50.19 -43.71 2 
50.76 -44.14 2 
51.26 -44.40 2 
51.65 -44.58 2 
51.85 -44.61 2 
52.05 -44.64 2 
51.86 -49.81 3 
52.07 -49.88 2 
52.43 -49.96 2 
52.73 -50.07 2 
53.07 -50.14 2 
53.44 -50.24 2 
53.80 -50.30 2 
54.13 -50.36 2 
54.44 -50.41 2 
54.80 -50.37 2 
55.11 -50.32 2 
55.48 -50.11 2 
 99.00   0.00  3 
 9999999 703  76 70.0   0 BA 2600 6 
-44.76 3.41 3 
-44.23 3.12 2 
-43.69 2.78 2 
-43.14 2.48 2 
-42.73 2.26 2 
-42.43 2.11 2 
-42.71 0.99 2 
-41.94 0.67 2 
-41.08 0.38 2 
-40.11 0.02 2 
-38.80 -0.45 2 
-37.51 -0.88 2 
-36.12 -1.36 2 
-34.68 -1.81 2 
-33.77 -2.08 2 
-32.95 -2.34 2 
-32.66 -1.22 2 
-32.52 -0.42 2 
-32.04 -0.58 2 
-31.37 -0.82 2 
-31.16 -0.05 2 
-30.96 0.65 2 
-30.50 0.46 2 
-29.73 0.23 2 
-29.48 1.22 2 
-29.38 1.42 2 
-28.75 1.25 2 
-28.18 0.98 2 
-27.33 0.69 2 
-26.32 0.30 2 
-26.10 1.14 2 
-26.03 1.45 2 
-25.46 1.27 2 
 99.00   0.00  3 
 9999999 201  76 70.0   0 BA 2600 6 
-48.66 -31.39 3 
-48.09 -31.48 2 
-47.51 -31.61 2 
-46.91 -31.71 2 
-46.48 -31.78 2 
-46.17 -31.82 2 
-46.21 -33.08 2 
-45.41 -33.11 2 
-44.53 -33.10 2 
-43.51 -33.12 2 
-42.16 -33.15 2 
-40.83 -33.17 2 
-39.38 -33.21 2 
-37.90 -33.24 2 
-36.96 -33.24 2 
-36.11 -33.26 2 
-36.05 -32.05 2 
-36.06 -31.20 2 
-35.57 -31.23 2 
-34.86 -31.29 2 
-34.81 -30.44 2 
-34.75 -29.68 2 
-34.26 -29.75 2 
-33.47 -29.78 2 
-33.41 -28.71 2 
-33.36 -28.48 2 
-32.70 -28.49 2 
-32.10 -28.61 2 
-31.21 -28.70 2 
-30.15 -28.84 2 
-30.10 -27.94 2 
-30.09 -27.61 2 
-29.49 -27.66 2 
 99.00   0.00  3 
 9999999 703  76 71.2   0 BA 3000 5 
-44.69 3.71 3 
-44.16 3.42 2 
-43.62 3.08 2 
-43.07 2.77 2 
-42.66 2.56 2 
-42.37 2.40 2 
-42.64 1.28 2 
-41.87 0.97 2 
-41.02 0.67 2 
-40.04 0.31 2 
-38.74 -0.16 2 
-37.45 -0.60 2 
-36.05 -1.08 2 
-34.62 -1.54 2 
-33.71 -1.81 2 
-32.89 -2.07 2 
-32.60 -0.95 2 
-32.45 -0.15 2 
-31.98 -0.31 2 
-31.30 -0.56 2 
-31.09 0.22 2 
-30.90 0.92 2 
-30.43 0.72 2 
-29.67 0.49 2 
-29.42 1.48 2 
-29.32 1.68 2 
-28.68 1.51 2 
-28.11 1.24 2 
-27.26 0.95 2 
-26.25 0.55 2 
-26.04 1.39 2 
-25.97 1.70 2 
-25.39 1.52 2 
 99.00   0.00  3 
 9999999 201  76 71.2   0 BA 3000 5 
-48.67 -31.73 3 
-48.09 -31.82 2 
-47.51 -31.95 2 
-46.92 -32.04 2 
-46.49 -32.11 2 
-46.17 -32.15 2 
-46.22 -33.41 2 
-45.41 -33.44 2 
-44.53 -33.42 2 
-43.52 -33.44 2 
-42.16 -33.46 2 
-40.83 -33.48 2 
-39.38 -33.51 2 
-37.90 -33.53 2 
-36.96 -33.54 2 
-36.11 -33.56 2 
-36.05 -32.34 2 
-36.07 -31.49 2 
-35.57 -31.51 2 
-34.87 -31.57 2 
-34.81 -30.73 2 
-34.76 -29.96 2 
-34.27 -30.03 2 
-33.48 -30.06 2 
-33.42 -28.99 2 
-33.37 -28.76 2 
-32.71 -28.77 2 
-32.11 -28.89 2 
-31.22 -28.97 2 
-30.16 -29.11 2 
-30.11 -28.21 2 
-30.10 -27.88 2 
-29.50 -27.93 2 
 99.00   0.00  3 
 9999999 703  76 76.1   0 BA 3500 4 
-44.22 5.61 3 
-43.69 5.31 2 
-43.16 4.96 2 
-42.61 4.64 2 
-42.21 4.42 2 
-41.91 4.26 2 
-42.20 3.16 2 
-41.44 2.83 2 
-40.58 2.51 2 
-39.61 2.14 2 
-38.31 1.64 2 
-37.03 1.18 2 
-35.64 0.68 2 
-34.21 0.20 2 
-33.30 -0.09 2 
-32.48 -0.36 2 
-32.18 0.75 2 
-32.03 1.54 2 
-31.55 1.38 2 
-30.88 1.12 2 
-30.66 1.89 2 
-30.46 2.58 2 
-30.00 2.38 2 
-29.24 2.14 2 
-28.97 3.12 2 
-28.87 3.32 2 
-28.24 3.14 2 
-27.67 2.86 2 
-26.83 2.56 2 
-25.82 2.15 2 
-25.59 2.99 2 
-25.52 3.29 2 
-24.95 3.10 2 
 99.00   0.00  3 
 9999999 201  76 76.1   0 BA 3500 4 
-48.69 -33.91 3 
-48.11 -33.97 2 
-47.53 -34.09 2 
-46.93 -34.17 2 
-46.50 -34.22 2 
-46.18 -34.25 2 
-46.21 -35.51 2 
-45.41 -35.52 2 
-44.52 -35.48 2 
-43.51 -35.47 2 
-42.16 -35.45 2 
-40.82 -35.44 2 
-39.38 -35.44 2 
-37.89 -35.42 2 
-36.96 -35.41 2 
-36.11 -35.41 2 
-36.06 -34.19 2 
-36.09 -33.34 2 
-35.59 -33.36 2 
-34.89 -33.40 2 
-34.85 -32.55 2 
-34.80 -31.79 2 
-34.31 -31.85 2 
-33.52 -31.86 2 
-33.48 -30.79 2 
-33.43 -30.56 2 
-32.78 -30.55 2 
-32.17 -30.66 2 
-31.28 -30.73 2 
-30.22 -30.85 2 
-30.18 -29.94 2 
-30.18 -29.62 2 
-29.58 -29.65 2 
 99.00   0.00  3 
 9999999 703  76 84.7   0 BA 4000 3 
-43.22 8.71 3 
-42.69 8.39 2 
-42.17 8.03 2 
-41.62 7.70 2 
-41.23 7.47 2 
-40.93 7.30 2 
-41.24 6.22 2 
-40.49 5.87 2 
-39.64 5.53 2 
-38.68 5.12 2 
-37.39 4.59 2 
-36.12 4.10 2 
-34.74 3.56 2 
-33.32 3.04 2 
-32.42 2.72 2 
-31.61 2.43 2 
-31.28 3.52 2 
-31.11 4.30 2 
-30.64 4.12 2 
-29.98 3.85 2 
-29.74 4.60 2 
-29.52 5.28 2 
-29.06 5.07 2 
-28.31 4.81 2 
-28.02 5.77 2 
-27.92 5.97 2 
-27.29 5.77 2 
-26.73 5.49 2 
-25.89 5.16 2 
-24.89 4.74 2 
-24.65 5.56 2 
-24.57 5.86 2 
-24.00 5.65 2 
 99.00   0.00  3 
 9999999 201  76 84.7   0 BA 4000 3 
-48.76 -37.64 3 
-48.19 -37.67 2 
-47.60 -37.75 2 
-47.00 -37.80 2 
-46.57 -37.82 2 
-46.25 -37.84 2 
-46.25 -39.10 2 
-45.45 -39.06 2 
-44.56 -38.98 2 
-43.55 -38.92 2 
-42.20 -38.84 2 
-40.86 -38.76 2 
-39.42 -38.70 2 
-37.94 -38.62 2 
-37.00 -38.56 2 
-36.15 -38.53 2 
-36.14 -37.31 2 
-36.19 -36.46 2 
-35.69 -36.46 2 
-34.99 -36.47 2 
-34.97 -35.62 2 
-34.94 -34.85 2 
-34.45 -34.90 2 
-33.66 -34.88 2 
-33.65 -33.81 2 
-33.60 -33.57 2 
-32.95 -33.54 2 
-32.34 -33.63 2 
-31.45 -33.66 2 
-30.39 -33.75 2 
-30.37 -32.84 2 
-30.38 -32.51 2 
-29.78 -32.52 2 
 99.00   0.00  3 
 9999999 703  76 97.5   0 BA 4500 2 
-41.52 12.29 3 
-41.00 11.95 2 
-40.48 11.58 2 
-39.95 11.23 2 
-39.55 10.99 2 
-39.27 10.82 2 
-39.60 9.78 2 
-38.85 9.40 2 
-38.01 9.04 2 
-37.06 8.60 2 
-35.79 8.04 2 
-34.53 7.50 2 
-33.16 6.92 2 
-31.76 6.36 2 
-30.86 6.02 2 
-30.06 5.70 2 
-29.71 6.76 2 
-29.52 7.53 2 
-29.05 7.33 2 
-28.40 7.05 2 
-28.14 7.78 2 
-27.90 8.44 2 
-27.45 8.22 2 
-26.70 7.94 2 
-26.40 8.88 2 
-26.29 9.07 2 
-25.66 8.85 2 
-25.11 8.56 2 
-24.28 8.21 2 
-23.29 7.76 2 
-23.03 8.56 2 
-22.94 8.86 2 
-22.38 8.64 2 
 99.00   0.00  3 
 9999999 201  76 97.5   0 BA 4500 2 
-49.05 -42.44 3 
-48.48 -42.43 2 
-47.89 -42.46 2 
-47.29 -42.46 2 
-46.86 -42.45 2 
-46.54 -42.45 2 
-46.49 -43.71 2 
-45.69 -43.61 2 
-44.81 -43.46 2 
-43.80 -43.33 2 
-42.45 -43.16 2 
-41.13 -42.99 2 
-39.68 -42.84 2 
-38.20 -42.68 2 
-37.27 -42.57 2 
-36.42 -42.48 2 
-36.46 -41.27 2 
-36.54 -40.41 2 
-36.04 -40.38 2 
-35.34 -40.36 2 
-35.35 -39.51 2 
-35.35 -38.73 2 
-34.86 -38.75 2 
-34.07 -38.69 2 
-34.10 -37.61 2 
-34.06 -37.37 2 
-33.40 -37.31 2 
-32.79 -37.37 2 
-31.90 -37.36 2 
-30.84 -37.39 2 
-30.85 -36.48 2 
-30.87 -36.15 2 
-30.27 -36.13 2 
 99.00   0.00  3 
 9999999 703  76 118.0   0 BA 5000 1 
-37.66 19.18 3 
-37.17 18.80 2 
-36.68 18.39 2 
-36.17 18.00 2 
-35.80 17.72 2 
-35.53 17.52 2 
-35.94 16.58 2 
-35.23 16.13 2 
-34.42 15.69 2 
-33.51 15.16 2 
-32.28 14.47 2 
-31.07 13.82 2 
-29.76 13.11 2 
-28.40 12.42 2 
-27.54 11.99 2 
-26.77 11.60 2 
-26.33 12.59 2 
-26.08 13.30 2 
-25.63 13.07 2 
-25.00 12.73 2 
-24.69 13.41 2 
-24.40 14.03 2 
-23.97 13.77 2 
-23.24 13.42 2 
-22.86 14.30 2 
-22.74 14.48 2 
-22.13 14.21 2 
-21.60 13.87 2 
-20.81 13.46 2 
-19.86 12.93 2 
-19.53 13.68 2 
-19.42 13.96 2 
-18.88 13.70 2 
 99.00   0.00  3 
 9999999 201  76 118.0   0 BA 5000 1 
-48.09 -52.21 3 
-47.52 -52.07 2 
-46.94 -51.97 2 
-46.34 -51.84 2 
-45.92 -51.74 2 
-45.60 -51.67 2 
-45.43 -52.89 2 
-44.65 -52.63 2 
-43.79 -52.31 2 
-42.80 -51.99 2 
-41.48 -51.58 2 
-40.18 -51.18 2 
-38.77 -50.79 2 
-37.32 -50.39 2 
-36.41 -50.13 2 
-35.57 -49.92 2 
-35.73 -48.73 2 
-35.89 -47.90 2 
-35.40 -47.79 2 
-34.71 -47.67 2 
-34.80 -46.83 2 
-34.89 -46.07 2 
-34.39 -46.01 2 
-33.62 -45.83 2 
-33.75 -44.77 2 
-33.74 -44.53 2 
-33.10 -44.37 2 
-32.48 -44.34 2 
-31.60 -44.20 2 
-30.54 -44.09 2 
-30.65 -43.19 2 
-30.70 -42.86 2 
-30.11 -42.77 2 
 99.00   0.00  3 
 9999999 703  76 70.0   0 BA 2600 6 
-44.76 3.41 3 
-44.23 3.12 2 
-43.69 2.78 2 
-43.14 2.48 2 
-42.73 2.26 2 
-42.43 2.11 2 
-42.71 0.99 2 
-41.94 0.67 2 
-41.08 0.38 2 
-40.11 0.02 2 
-38.80 -0.45 2 
-37.51 -0.88 2 
-36.12 -1.36 2 
-34.68 -1.81 2 
-33.77 -2.08 2 
-32.95 -2.34 2 
-32.66 -1.22 2 
-32.52 -0.42 2 
-32.04 -0.58 2 
-31.37 -0.82 2 
-31.16 -0.05 2 
-30.96 0.65 2 
-30.50 0.46 2 
-29.73 0.23 2 
-29.48 1.22 2 
-29.38 1.42 2 
-28.75 1.25 2 
-28.18 0.98 2 
-27.33 0.69 2 
-26.32 0.30 2 
-26.10 1.14 2 
-26.03 1.45 2 
-25.46 1.27 2 
 99.00   0.00  3 
 9999999 206  76 70.0   0 BA 2600 6 
-48.66 -31.39 3 
-48.09 -31.48 2 
-47.51 -31.61 2 
-46.91 -31.71 2 
-46.48 -31.78 2 
-46.17 -31.82 2 
-46.21 -33.08 2 
-45.41 -33.11 2 
-44.53 -33.10 2 
-43.51 -33.12 2 
-42.16 -33.15 2 
-40.83 -33.17 2 
-39.38 -33.21 2 
-37.90 -33.24 2 
-36.96 -33.24 2 
-36.11 -33.26 2 
-36.05 -32.05 2 
-36.06 -31.20 2 
-35.57 -31.23 2 
-34.86 -31.29 2 
-34.81 -30.44 2 
-34.75 -29.68 2 
-34.26 -29.75 2 
-33.47 -29.78 2 
-33.41 -28.71 2 
-33.36 -28.48 2 
-32.70 -28.49 2 
-32.10 -28.61 2 
-31.21 -28.70 2 
-30.15 -28.84 2 
-30.10 -27.94 2 
-30.09 -27.61 2 
-29.49 -27.66 2 
 99.00   0.00  3 
 9999999 703  76 71.2   0 BA 3000 5 
-44.69 3.71 3 
-44.16 3.42 2 
-43.62 3.08 2 
-43.07 2.77 2 
-42.66 2.56 2 
-42.37 2.40 2 
-42.64 1.28 2 
-41.87 0.97 2 
-41.02 0.67 2 
-40.04 0.31 2 
-38.74 -0.16 2 
-37.45 -0.60 2 
-36.05 -1.08 2 
-34.62 -1.54 2 
-33.71 -1.81 2 
-32.89 -2.07 2 
-32.60 -0.95 2 
-32.45 -0.15 2 
-31.98 -0.31 2 
-31.30 -0.56 2 
-31.09 0.22 2 
-30.90 0.92 2 
-30.43 0.72 2 
-29.67 0.49 2 
-29.42 1.48 2 
-29.32 1.68 2 
-28.68 1.51 2 
-28.11 1.24 2 
-27.26 0.95 2 
-26.25 0.55 2 
-26.04 1.39 2 
-25.97 1.70 2 
-25.39 1.52 2 
 99.00   0.00  3 
 9999999 206  76 71.2   0 BA 3000 5 
-48.67 -31.73 3 
-48.09 -31.82 2 
-47.51 -31.95 2 
-46.92 -32.04 2 
-46.49 -32.11 2 
-46.17 -32.15 2 
-46.22 -33.41 2 
-45.41 -33.44 2 
-44.53 -33.42 2 
-43.52 -33.44 2 
-42.16 -33.46 2 
-40.83 -33.48 2 
-39.38 -33.51 2 
-37.90 -33.53 2 
-36.96 -33.54 2 
-36.11 -33.56 2 
-36.05 -32.34 2 
-36.07 -31.49 2 
-35.57 -31.51 2 
-34.87 -31.57 2 
-34.81 -30.73 2 
-34.76 -29.96 2 
-34.27 -30.03 2 
-33.48 -30.06 2 
-33.42 -28.99 2 
-33.37 -28.76 2 
-32.71 -28.77 2 
-32.11 -28.89 2 
-31.22 -28.97 2 
-30.16 -29.11 2 
-30.11 -28.21 2 
-30.10 -27.88 2 
-29.50 -27.93 2 
 99.00   0.00  3 
 9999999 703  76 76.1   0 BA 3500 4 
-44.22 5.61 3 
-43.69 5.31 2 
-43.16 4.96 2 
-42.61 4.64 2 
-42.21 4.42 2 
-41.91 4.26 2 
-42.20 3.16 2 
-41.44 2.83 2 
-40.58 2.51 2 
-39.61 2.14 2 
-38.31 1.64 2 
-37.03 1.18 2 
-35.64 0.68 2 
-34.21 0.20 2 
-33.30 -0.09 2 
-32.48 -0.36 2 
-32.18 0.75 2 
-32.03 1.54 2 
-31.55 1.38 2 
-30.88 1.12 2 
-30.66 1.89 2 
-30.46 2.58 2 
-30.00 2.38 2 
-29.24 2.14 2 
-28.97 3.12 2 
-28.87 3.32 2 
-28.24 3.14 2 
-27.67 2.86 2 
-26.83 2.56 2 
-25.82 2.15 2 
-25.59 2.99 2 
-25.52 3.29 2 
-24.95 3.10 2 
 99.00   0.00  3 
 9999999 206  76 76.1   0 BA 3500 4 
-48.69 -33.91 3 
-48.11 -33.97 2 
-47.53 -34.09 2 
-46.93 -34.17 2 
-46.50 -34.22 2 
-46.18 -34.25 2 
-46.21 -35.51 2 
-45.41 -35.52 2 
-44.52 -35.48 2 
-43.51 -35.47 2 
-42.16 -35.45 2 
-40.82 -35.44 2 
-39.38 -35.44 2 
-37.89 -35.42 2 
-36.96 -35.41 2 
-36.11 -35.41 2 
-36.06 -34.19 2 
-36.09 -33.34 2 
-35.59 -33.36 2 
-34.89 -33.40 2 
-34.85 -32.55 2 
-34.80 -31.79 2 
-34.31 -31.85 2 
-33.52 -31.86 2 
-33.48 -30.79 2 
-33.43 -30.56 2 
-32.78 -30.55 2 
-32.17 -30.66 2 
-31.28 -30.73 2 
-30.22 -30.85 2 
-30.18 -29.94 2 
-30.18 -29.62 2 
-29.58 -29.65 2 
 99.00   0.00  3 
 9999999 703  76 84.7   0 BA 4000 3 
-43.22 8.71 3 
-42.69 8.39 2 
-42.17 8.03 2 
-41.62 7.70 2 
-41.23 7.47 2 
-40.93 7.30 2 
-41.24 6.22 2 
-40.49 5.87 2 
-39.64 5.53 2 
-38.68 5.12 2 
-37.39 4.59 2 
-36.12 4.10 2 
-34.74 3.56 2 
-33.32 3.04 2 
-32.42 2.72 2 
-31.61 2.43 2 
-31.28 3.52 2 
-31.11 4.30 2 
-30.64 4.12 2 
-29.98 3.85 2 
-29.74 4.60 2 
-29.52 5.28 2 
-29.06 5.07 2 
-28.31 4.81 2 
-28.02 5.77 2 
-27.92 5.97 2 
-27.29 5.77 2 
-26.73 5.49 2 
-25.89 5.16 2 
-24.89 4.74 2 
-24.65 5.56 2 
-24.57 5.86 2 
-24.00 5.65 2 
 99.00   0.00  3 
 9999999 206  76 84.7   0 BA 4000 3 
-48.76 -37.64 3 
-48.19 -37.67 2 
-47.60 -37.75 2 
-47.00 -37.80 2 
-46.57 -37.82 2 
-46.25 -37.84 2 
-46.25 -39.10 2 
-45.45 -39.06 2 
-44.56 -38.98 2 
-43.55 -38.92 2 
-42.20 -38.84 2 
-40.86 -38.76 2 
-39.42 -38.70 2 
-37.94 -38.62 2 
-37.00 -38.56 2 
-36.15 -38.53 2 
-36.14 -37.31 2 
-36.19 -36.46 2 
-35.69 -36.46 2 
-34.99 -36.47 2 
-34.97 -35.62 2 
-34.94 -34.85 2 
-34.45 -34.90 2 
-33.66 -34.88 2 
-33.65 -33.81 2 
-33.60 -33.57 2 
-32.95 -33.54 2 
-32.34 -33.63 2 
-31.45 -33.66 2 
-30.39 -33.75 2 
-30.37 -32.84 2 
-30.38 -32.51 2 
-29.78 -32.52 2 
 99.00   0.00  3 
 9999999 703  76 97.5   0 BA 4500 2 
-41.52 12.29 3 
-41.00 11.95 2 
-40.48 11.58 2 
-39.95 11.23 2 
-39.55 10.99 2 
-39.27 10.82 2 
-39.60 9.78 2 
-38.85 9.40 2 
-38.01 9.04 2 
-37.06 8.60 2 
-35.79 8.04 2 
-34.53 7.50 2 
-33.16 6.92 2 
-31.76 6.36 2 
-30.86 6.02 2 
-30.06 5.70 2 
-29.71 6.76 2 
-29.52 7.53 2 
-29.05 7.33 2 
-28.40 7.05 2 
-28.14 7.78 2 
-27.90 8.44 2 
-27.45 8.22 2 
-26.70 7.94 2 
-26.40 8.88 2 
-26.29 9.07 2 
-25.66 8.85 2 
-25.11 8.56 2 
-24.28 8.21 2 
-23.29 7.76 2 
-23.03 8.56 2 
-22.94 8.86 2 
-22.38 8.64 2 
 99.00   0.00  3 
 9999999 206  76 97.5   0 BA 4500 2 
-49.05 -42.44 3 
-48.48 -42.43 2 
-47.89 -42.46 2 
-47.29 -42.46 2 
-46.86 -42.45 2 
-46.54 -42.45 2 
-46.49 -43.71 2 
-45.69 -43.61 2 
-44.81 -43.46 2 
-43.80 -43.33 2 
-42.45 -43.16 2 
-41.13 -42.99 2 
-39.68 -42.84 2 
-38.20 -42.68 2 
-37.27 -42.57 2 
-36.42 -42.48 2 
-36.46 -41.27 2 
-36.54 -40.41 2 
-36.04 -40.38 2 
-35.34 -40.36 2 
-35.35 -39.51 2 
-35.35 -38.73 2 
-34.86 -38.75 2 
-34.07 -38.69 2 
-34.10 -37.61 2 
-34.06 -37.37 2 
-33.40 -37.31 2 
-32.79 -37.37 2 
-31.90 -37.36 2 
-30.84 -37.39 2 
-30.85 -36.48 2 
-30.87 -36.15 2 
-30.27 -36.13 2 
 99.00   0.00  3 
 9999999 703  76 118.0   0 BA 5000 1 
-37.66 19.18 3 
-37.17 18.80 2 
-36.68 18.39 2 
-36.17 18.00 2 
-35.80 17.72 2 
-35.53 17.52 2 
-35.94 16.58 2 
-35.23 16.13 2 
-34.42 15.69 2 
-33.51 15.16 2 
-32.28 14.47 2 
-31.07 13.82 2 
-29.76 13.11 2 
-28.40 12.42 2 
-27.54 11.99 2 
-26.77 11.60 2 
-26.33 12.59 2 
-26.08 13.30 2 
-25.63 13.07 2 
-25.00 12.73 2 
-24.69 13.41 2 
-24.40 14.03 2 
-23.97 13.77 2 
-23.24 13.42 2 
-22.86 14.30 2 
-22.74 14.48 2 
-22.13 14.21 2 
-21.60 13.87 2 
-20.81 13.46 2 
-19.86 12.93 2 
-19.53 13.68 2 
-19.42 13.96 2 
-18.88 13.70 2 
 99.00   0.00  3 
 9999999 206  76 118.0   0 BA 5000 1 
-48.09 -52.21 3 
-47.52 -52.07 2 
-46.94 -51.97 2 
-46.34 -51.84 2 
-45.92 -51.74 2 
-45.60 -51.67 2 
-45.43 -52.89 2 
-44.65 -52.63 2 
-43.79 -52.31 2 
-42.80 -51.99 2 
-41.48 -51.58 2 
-40.18 -51.18 2 
-38.77 -50.79 2 
-37.32 -50.39 2 
-36.41 -50.13 2 
-35.57 -49.92 2 
-35.73 -48.73 2 
-35.89 -47.90 2 
-35.40 -47.79 2 
-34.71 -47.67 2 
-34.80 -46.83 2 
-34.89 -46.07 2 
-34.39 -46.01 2 
-33.62 -45.83 2 
-33.75 -44.77 2 
-33.74 -44.53 2 
-33.10 -44.37 2 
-32.48 -44.34 2 
-31.60 -44.20 2 
-30.54 -44.09 2 
-30.65 -43.19 2 
-30.70 -42.86 2 
-30.11 -42.77 2 
 99.00   0.00  3 
 9999999 701  76 70.0   0 BA 2600 6 
1.38 -2.63 3 
0.92 -3.84 2 
1.44 -4.06 2 
1.98 -4.28 2 
1.71 -5.05 2 
1.64 -5.35 2 
2.00 -5.47 2 
2.43 -5.62 2 
1.86 -7.38 2 
1.58 -8.36 2 
1.40 -8.99 2 
1.08 -10.16 2 
0.80 -11.43 2 
0.57 -12.31 2 
0.42 -13.00 2 
0.38 -13.27 2 
1.10 -13.41 2 
1.88 -13.58 2 
2.22 -13.65 2 
2.03 -14.51 2 
1.92 -14.92 2 
1.84 -15.63 2 
1.81 -15.91 2 
2.08 -15.98 2 
2.40 -16.01 2 
2.28 -16.94 2 
2.10 -18.26 2 
1.99 -18.85 2 
1.98 -19.11 2 
2.29 -19.15 2 
2.61 -19.20 2 
2.54 -19.56 2 
2.56 -19.79 2 
3.07 -19.88 2 
3.70 -19.96 2 
4.28 -20.03 2 
5.05 -20.13 2 
4.90 -21.05 2 
4.84 -21.78 2 
5.53 -21.88 2 
6.13 -21.93 2 
6.60 -21.99 2 
6.55 -22.40 2 
6.80 -22.49 2 
7.34 -22.54 2 
7.90 -22.62 2 
8.19 -22.66 2 
8.07 -23.43 2 
7.94 -25.77 2 
7.88 -26.37 2 
7.88 -26.61 2 
8.15 -26.65 2 
8.44 -26.67 2 
 99.00   0.00  3 
 9999999 201  76 70.0   0 BA 2600 6 
-2.43 -26.07 3 
-2.66 -27.35 2 
-2.11 -27.47 2 
-1.53 -27.58 2 
-1.65 -28.39 2 
-1.66 -28.69 2 
-1.29 -28.75 2 
-0.84 -28.81 2 
-1.06 -30.64 2 
-1.15 -31.67 2 
-1.20 -32.32 2 
-1.30 -33.52 2 
-1.33 -34.83 2 
-1.38 -35.73 2 
-1.39 -36.44 2 
-1.38 -36.72 2 
-0.64 -36.71 2 
0.16 -36.72 2 
0.50 -36.73 2 
0.49 -37.60 2 
0.46 -38.03 2 
0.52 -38.74 2 
0.54 -39.03 2 
0.83 -39.04 2 
1.14 -39.01 2 
1.21 -39.93 2 
1.29 -41.26 2 
1.30 -41.86 2 
1.35 -42.12 2 
1.66 -42.10 2 
1.98 -42.09 2 
1.98 -42.45 2 
2.04 -42.67 2 
2.57 -42.66 2 
3.19 -42.62 2 
3.78 -42.57 2 
4.55 -42.51 2 
4.58 -43.44 2 
4.68 -44.17 2 
5.37 -44.13 2 
5.97 -44.06 2 
6.44 -44.02 2 
6.47 -44.44 2 
6.74 -44.47 2 
7.27 -44.42 2 
7.84 -44.38 2 
8.13 -44.36 2 
8.17 -45.14 2 
8.50 -47.47 2 
8.56 -48.06 2 
8.61 -48.30 2 
8.89 -48.28 2 
9.17 -48.24 2 
 99.00   0.00  3 
 9999999 701  76 71.2   0 BA 3000 5 
1.44 -2.43 3 
0.97 -3.64 2 
1.50 -3.86 2 
2.04 -4.08 2 
1.76 -4.85 2 
1.70 -5.15 2 
2.06 -5.27 2 
2.48 -5.42 2 
1.91 -7.18 2 
1.63 -8.17 2 
1.45 -8.79 2 
1.12 -9.96 2 
0.84 -11.23 2 
0.61 -12.11 2 
0.46 -12.79 2 
0.41 -13.07 2 
1.13 -13.21 2 
1.92 -13.38 2 
2.26 -13.46 2 
2.07 -14.31 2 
1.96 -14.72 2 
1.88 -15.43 2 
1.84 -15.72 2 
2.11 -15.78 2 
2.43 -15.82 2 
2.31 -16.74 2 
2.13 -18.06 2 
2.02 -18.65 2 
2.01 -18.91 2 
2.32 -18.95 2 
2.63 -19.00 2 
2.57 -19.36 2 
2.58 -19.59 2 
3.10 -19.69 2 
3.72 -19.77 2 
4.31 -19.84 2 
5.07 -19.94 2 
4.92 -20.86 2 
4.86 -21.59 2 
5.55 -21.69 2 
6.15 -21.74 2 
6.62 -21.80 2 
6.57 -22.21 2 
6.82 -22.30 2 
7.36 -22.36 2 
7.92 -22.44 2 
8.21 -22.48 2 
8.09 -23.25 2 
7.95 -25.59 2 
7.89 -26.19 2 
7.89 -26.43 2 
8.16 -26.47 2 
8.45 -26.49 2 
 99.00   0.00  3 
 9999999 201  76 71.2   0 BA 3000 5 
-2.45 -26.28 3 
-2.67 -27.56 2 
-2.12 -27.68 2 
-1.54 -27.79 2 
-1.66 -28.60 2 
-1.67 -28.90 2 
-1.30 -28.95 2 
-0.85 -29.02 2 
-1.07 -30.85 2 
-1.15 -31.87 2 
-1.21 -32.52 2 
-1.30 -33.73 2 
-1.32 -35.04 2 
-1.37 -35.94 2 
-1.38 -36.64 2 
-1.37 -36.92 2 
-0.64 -36.92 2 
0.17 -36.92 2 
0.51 -36.93 2 
0.50 -37.80 2 
0.47 -38.23 2 
0.53 -38.94 2 
0.55 -39.23 2 
0.84 -39.24 2 
1.16 -39.21 2 
1.22 -40.13 2 
1.31 -41.46 2 
1.32 -42.06 2 
1.36 -42.32 2 
1.67 -42.30 2 
1.99 -42.29 2 
2.00 -42.65 2 
2.06 -42.87 2 
2.59 -42.86 2 
3.21 -42.81 2 
3.80 -42.76 2 
4.57 -42.70 2 
4.61 -43.64 2 
4.70 -44.36 2 
5.39 -44.32 2 
5.99 -44.25 2 
6.46 -44.21 2 
6.50 -44.63 2 
6.76 -44.66 2 
7.30 -44.61 2 
7.87 -44.57 2 
8.16 -44.55 2 
8.20 -45.33 2 
8.53 -47.65 2 
8.59 -48.25 2 
8.64 -48.48 2 
8.92 -48.47 2 
9.20 -48.43 2 
 99.00   0.00  3 
 9999999 701  76 76.1   0 BA 3500 4 
1.83 -1.17 3 
1.35 -2.38 2 
1.87 -2.61 2 
2.41 -2.84 2 
2.13 -3.60 2 
2.06 -3.90 2 
2.42 -4.02 2 
2.84 -4.18 2 
2.25 -5.93 2 
1.95 -6.91 2 
1.76 -7.54 2 
1.43 -8.70 2 
1.12 -9.97 2 
0.89 -10.84 2 
0.73 -11.53 2 
0.68 -11.80 2 
1.39 -11.95 2 
2.18 -12.13 2 
2.51 -12.21 2 
2.32 -13.06 2 
2.20 -13.47 2 
2.11 -14.18 2 
2.07 -14.47 2 
2.34 -14.54 2 
2.66 -14.57 2 
2.52 -15.50 2 
2.32 -16.81 2 
2.20 -17.40 2 
2.19 -17.66 2 
2.50 -17.71 2 
2.82 -17.77 2 
2.75 -18.12 2 
2.76 -18.35 2 
3.27 -18.45 2 
3.90 -18.54 2 
4.48 -18.62 2 
5.24 -18.73 2 
5.08 -19.65 2 
5.01 -20.38 2 
5.69 -20.49 2 
6.30 -20.55 2 
6.77 -20.61 2 
6.71 -21.03 2 
6.96 -21.12 2 
7.50 -21.18 2 
8.06 -21.27 2 
8.35 -21.31 2 
8.22 -22.08 2 
8.05 -24.42 2 
7.98 -25.02 2 
7.97 -25.26 2 
8.25 -25.30 2 
8.54 -25.33 2 
 99.00   0.00  3 
 9999999 201  76 76.1   0 BA 3500 4 
-2.55 -27.59 3 
-2.76 -28.87 2 
-2.20 -28.98 2 
-1.62 -29.09 2 
-1.73 -29.89 2 
-1.74 -30.20 2 
-1.36 -30.24 2 
-0.91 -30.30 2 
-1.10 -32.14 2 
-1.18 -33.16 2 
-1.22 -33.81 2 
-1.29 -35.02 2 
-1.30 -36.33 2 
-1.34 -37.23 2 
-1.34 -37.93 2 
-1.32 -38.21 2 
-0.59 -38.20 2 
0.21 -38.20 2 
0.56 -38.20 2 
0.56 -39.07 2 
0.54 -39.50 2 
0.61 -40.20 2 
0.63 -40.49 2 
0.92 -40.50 2 
1.23 -40.46 2 
1.31 -41.39 2 
1.42 -42.72 2 
1.43 -43.32 2 
1.48 -43.58 2 
1.79 -43.55 2 
2.11 -43.53 2 
2.13 -43.89 2 
2.19 -44.12 2 
2.71 -44.10 2 
3.34 -44.04 2 
3.93 -43.99 2 
4.70 -43.92 2 
4.74 -44.85 2 
4.85 -45.57 2 
5.54 -45.52 2 
6.14 -45.44 2 
6.61 -45.39 2 
6.65 -45.81 2 
6.91 -45.84 2 
7.45 -45.78 2 
8.02 -45.73 2 
8.31 -45.71 2 
8.36 -46.49 2 
8.72 -48.81 2 
8.79 -49.40 2 
8.84 -49.64 2 
9.12 -49.62 2 
9.41 -49.57 2 
 99.00   0.00  3 
 9999999 701  76 84.7   0 BA 4000 3 
2.68 0.79 3 
2.18 -0.40 2 
2.69 -0.64 2 
3.23 -0.88 2 
2.93 -1.64 2 
2.85 -1.93 2 
3.20 -2.07 2 
3.63 -2.23 2 
3.00 -3.97 2 
2.68 -4.95 2 
2.47 -5.57 2 
2.11 -6.72 2 
1.77 -7.99 2 
1.52 -8.85 2 
1.34 -9.53 2 
1.28 -9.81 2 
2.00 -9.98 2 
2.78 -10.17 2 
3.11 -10.26 2 
2.89 -11.11 2 
2.77 -11.52 2 
2.66 -12.22 2 
2.61 -12.51 2 
2.88 -12.58 2 
3.20 -12.63 2 
3.04 -13.55 2 
2.81 -14.86 2 
2.67 -15.45 2 
2.66 -15.71 2 
2.96 -15.76 2 
3.28 -15.82 2 
3.20 -16.18 2 
3.20 -16.41 2 
3.71 -16.52 2 
4.33 -16.63 2 
4.92 -16.72 2 
5.68 -16.85 2 
5.49 -17.77 2 
5.41 -18.49 2 
6.08 -18.62 2 
6.69 -18.70 2 
7.15 -18.77 2 
7.08 -19.19 2 
7.33 -19.28 2 
7.87 -19.36 2 
8.43 -19.46 2 
8.71 -19.51 2 
8.57 -20.28 2 
8.33 -22.62 2 
8.25 -23.21 2 
8.24 -23.45 2 
8.51 -23.50 2 
8.80 -23.54 2 
 99.00   0.00  3 
 9999999 201  76 84.7   0 BA 4000 3 
-2.81 -29.69 3 
-2.98 -30.97 2 
-2.43 -31.07 2 
-1.85 -31.16 2 
-1.94 -31.97 2 
-1.93 -32.27 2 
-1.55 -32.31 2 
-1.10 -32.36 2 
-1.25 -34.20 2 
-1.29 -35.22 2 
-1.32 -35.87 2 
-1.36 -37.08 2 
-1.34 -38.39 2 
-1.35 -39.29 2 
-1.33 -40.00 2 
-1.31 -40.28 2 
-0.58 -40.24 2 
0.23 -40.22 2 
0.57 -40.21 2 
0.59 -41.08 2 
0.58 -41.51 2 
0.67 -42.21 2 
0.71 -42.50 2 
0.99 -42.50 2 
1.31 -42.46 2 
1.41 -43.38 2 
1.55 -44.71 2 
1.58 -45.31 2 
1.64 -45.56 2 
1.95 -45.53 2 
2.27 -45.50 2 
2.29 -45.86 2 
2.36 -46.09 2 
2.88 -46.05 2 
3.51 -45.98 2 
4.09 -45.91 2 
4.86 -45.82 2 
4.93 -46.75 2 
5.05 -47.47 2 
5.74 -47.40 2 
6.34 -47.30 2 
6.81 -47.25 2 
6.86 -47.67 2 
7.12 -47.69 2 
7.66 -47.61 2 
8.22 -47.55 2 
8.51 -47.52 2 
8.58 -48.30 2 
9.01 -50.61 2 
9.10 -51.20 2 
9.15 -51.44 2 
9.43 -51.41 2 
9.71 -51.36 2 
 99.00   0.00  3 
 9999999 701  76 97.5   0 BA 4500 2 
4.17 3.09 3 
3.64 1.91 2 
4.14 1.66 2 
4.67 1.40 2 
4.35 0.65 2 
4.26 0.36 2 
4.62 0.21 2 
5.03 0.03 2 
4.35 -1.69 2 
4.00 -2.66 2 
3.78 -3.27 2 
3.38 -4.41 2 
3.01 -5.67 2 
2.73 -6.53 2 
2.53 -7.20 2 
2.47 -7.48 2 
3.17 -7.67 2 
3.95 -7.89 2 
4.28 -7.99 2 
4.03 -8.83 2 
3.89 -9.23 2 
3.76 -9.93 2 
3.70 -10.22 2 
3.97 -10.31 2 
4.29 -10.36 2 
4.10 -11.27 2 
3.82 -12.58 2 
3.67 -13.16 2 
3.65 -13.42 2 
3.95 -13.49 2 
4.26 -13.56 2 
4.17 -13.91 2 
4.17 -14.14 2 
4.68 -14.27 2 
5.29 -14.40 2 
5.87 -14.51 2 
6.63 -14.67 2 
6.41 -15.58 2 
6.30 -16.30 2 
6.97 -16.45 2 
7.58 -16.55 2 
8.04 -16.64 2 
7.96 -17.06 2 
8.20 -17.16 2 
8.73 -17.26 2 
9.29 -17.38 2 
9.57 -17.44 2 
9.40 -18.21 2 
9.09 -20.54 2 
8.98 -21.13 2 
8.96 -21.37 2 
9.23 -21.43 2 
9.52 -21.47 2 
 99.00   0.00  3 
 9999999 201  76 97.5   0 BA 4500 2 
-3.42 -32.24 3 
-3.55 -33.53 2 
-2.99 -33.61 2 
-2.41 -33.68 2 
-2.47 -34.49 2 
-2.45 -34.79 2 
-2.07 -34.82 2 
-1.62 -34.85 2 
-1.70 -36.69 2 
-1.71 -37.72 2 
-1.72 -38.37 2 
-1.71 -39.58 2 
-1.64 -40.89 2 
-1.62 -41.79 2 
-1.58 -42.49 2 
-1.55 -42.77 2 
-0.82 -42.71 2 
-0.01 -42.66 2 
0.33 -42.64 2 
0.38 -43.51 2 
0.39 -43.94 2 
0.51 -44.64 2 
0.55 -44.93 2 
0.83 -44.92 2 
1.15 -44.86 2 
1.28 -45.78 2 
1.47 -47.10 2 
1.52 -47.70 2 
1.59 -47.95 2 
1.90 -47.90 2 
2.22 -47.87 2 
2.25 -48.23 2 
2.33 -48.45 2 
2.85 -48.39 2 
3.47 -48.30 2 
4.05 -48.21 2 
4.82 -48.09 2 
4.92 -49.02 2 
5.07 -49.73 2 
5.75 -49.64 2 
6.35 -49.52 2 
6.82 -49.44 2 
6.88 -49.86 2 
7.15 -49.87 2 
7.68 -49.78 2 
8.24 -49.69 2 
8.53 -49.65 2 
8.63 -50.43 2 
9.14 -52.72 2 
9.25 -53.31 2 
9.31 -53.55 2 
9.59 -53.51 2 
9.87 -53.44 2 
 99.00   0.00  3 
 9999999 703  76 70.0   0 BA 2600 6 
-24.25 0.92 2 
-23.24 0.60 2 
-22.10 0.29 2 
-21.18 0.04 2 
-20.40 -0.20 2 
-20.20 0.61 2 
-20.11 0.91 2 
-19.60 0.76 2 
-18.99 0.56 2 
-18.86 0.97 2 
-18.53 2.09 2 
-17.87 1.87 2 
-17.40 1.64 2 
-16.66 1.29 2 
-16.78 0.94 2 
-16.25 0.69 2 
-15.71 0.48 2 
-15.35 0.31 2 
-15.51 -0.30 2 
-14.91 -0.50 2 
-14.32 -0.70 2 
-13.43 -1.02 2 
-13.29 -0.55 2 
-13.20 -0.25 2 
-12.61 -0.44 2 
-12.08 -0.57 2 
-11.28 -0.76 2 
-11.44 -1.46 2 
-11.45 -1.71 2 
-10.77 -1.88 2 
-9.92 -2.10 2 
-8.91 -2.39 2 
-8.71 -1.74 2 
-8.39 -0.72 2 
-8.02 -0.81 2 
-6.99 -1.09 2 
-5.83 -1.42 2 
-4.92 -1.74 2 
-4.71 -1.18 2 
-4.49 -0.43 2 
-4.13 0.41 2 
-3.83 0.35 2 
-2.68 -0.09 2 
-1.49 -0.54 2 
-0.56 -0.87 2 
0.54 -1.36 2 
1.55 -1.68 2 
1.79 -1.78 2 
 99.00   0.00  3 
 9999999 201  76 70.0   0 BA 2600 6 
-28.25 -27.72 2 
-27.19 -27.81 2 
-26.02 -27.87 2 
-25.07 -27.90 2 
-24.27 -27.97 2 
-24.22 -27.11 2 
-24.19 -26.80 2 
-23.67 -26.84 2 
-23.03 -26.90 2 
-22.98 -26.46 2 
-22.86 -25.26 2 
-22.17 -25.34 2 
-21.67 -25.47 2 
-20.87 -25.68 2 
-20.93 -26.05 2 
-20.36 -26.19 2 
-19.80 -26.29 2 
-19.41 -26.39 2 
-19.45 -27.03 2 
-18.82 -27.11 2 
-18.21 -27.19 2 
-17.28 -27.32 2 
-17.23 -26.83 2 
-17.19 -26.51 2 
-16.58 -26.58 2 
-16.04 -26.60 2 
-15.22 -26.64 2 
-15.24 -27.37 2 
-15.21 -27.62 2 
-14.51 -27.66 2 
-13.63 -27.71 2 
-12.59 -27.79 2 
-12.51 -27.11 2 
-12.39 -26.03 2 
-12.00 -26.05 2 
-10.94 -26.13 2 
-9.74 -26.23 2 
-8.78 -26.38 2 
-8.68 -25.78 2 
-8.61 -25.00 2 
-8.41 -24.10 2 
-8.10 -24.10 2 
-6.89 -24.33 2 
-5.64 -24.55 2 
-4.67 -24.70 2 
-3.49 -24.98 2 
-2.44 -25.11 2 
-2.19 -25.17 2 
 99.00   0.00  3 
 9999999 703  76 71.2   0 BA 3000 5 
-24.19 1.17 2 
-23.17 0.85 2 
-22.03 0.53 2 
-21.11 0.28 2 
-20.34 0.04 2 
-20.14 0.85 2 
-20.05 1.15 2 
-19.54 1.00 2 
-18.93 0.80 2 
-18.80 1.21 2 
-18.46 2.33 2 
-17.80 2.10 2 
-17.33 1.88 2 
-16.59 1.52 2 
-16.71 1.17 2 
-16.18 0.92 2 
-15.65 0.71 2 
-15.28 0.54 2 
-15.45 -0.07 2 
-14.84 -0.27 2 
-14.26 -0.47 2 
-13.37 -0.79 2 
-13.23 -0.33 2 
-13.13 -0.03 2 
-12.55 -0.21 2 
-12.02 -0.34 2 
-11.22 -0.54 2 
-11.38 -1.24 2 
-11.39 -1.49 2 
-10.71 -1.66 2 
-9.86 -1.88 2 
-8.85 -2.17 2 
-8.65 -1.52 2 
-8.33 -0.50 2 
-7.95 -0.59 2 
-6.92 -0.88 2 
-5.77 -1.20 2 
-4.86 -1.53 2 
-4.64 -0.97 2 
-4.42 -0.22 2 
-4.07 0.62 2 
-3.76 0.56 2 
-2.62 0.12 2 
-1.42 -0.33 2 
-0.50 -0.67 2 
0.60 -1.16 2 
1.62 -1.48 2 
1.85 -1.58 2 
 99.00   0.00  3 
 9999999 201  76 71.2   0 BA 3000 5 
-28.26 -27.99 2 
-27.21 -28.07 2 
-26.03 -28.13 2 
-25.08 -28.16 2 
-24.28 -28.23 2 
-24.24 -27.37 2 
-24.21 -27.05 2 
-23.68 -27.09 2 
-23.04 -27.16 2 
-22.99 -26.72 2 
-22.88 -25.51 2 
-22.19 -25.60 2 
-21.68 -25.72 2 
-20.89 -25.92 2 
-20.94 -26.30 2 
-20.38 -26.44 2 
-19.81 -26.53 2 
-19.42 -26.63 2 
-19.47 -27.28 2 
-18.84 -27.35 2 
-18.23 -27.43 2 
-17.29 -27.56 2 
-17.25 -27.07 2 
-17.21 -26.75 2 
-16.60 -26.82 2 
-16.05 -26.84 2 
-15.24 -26.87 2 
-15.25 -27.61 2 
-15.22 -27.85 2 
-14.52 -27.89 2 
-13.64 -27.94 2 
-12.60 -28.02 2 
-12.53 -27.34 2 
-12.40 -26.26 2 
-12.02 -26.27 2 
-10.95 -26.36 2 
-9.76 -26.45 2 
-8.80 -26.60 2 
-8.70 -26.00 2 
-8.63 -25.22 2 
-8.43 -24.32 2 
-8.12 -24.32 2 
-6.91 -24.54 2 
-5.66 -24.76 2 
-4.69 -24.91 2 
-3.51 -25.19 2 
-2.46 -25.32 2 
-2.21 -25.37 2 
 99.00   0.00  3 
 9999999 703  76 76.1   0 BA 3500 4 
-23.75 2.73 2 
-22.73 2.40 2 
-21.60 2.07 2 
-20.68 1.81 2 
-19.91 1.56 2 
-19.70 2.37 2 
-19.61 2.66 2 
-19.10 2.50 2 
-18.49 2.29 2 
-18.36 2.70 2 
-18.01 3.82 2 
-17.35 3.58 2 
-16.88 3.35 2 
-16.15 2.99 2 
-16.27 2.64 2 
-15.74 2.39 2 
-15.21 2.17 2 
-14.85 1.99 2 
-15.02 1.39 2 
-14.42 1.18 2 
-13.84 0.97 2 
-12.95 0.64 2 
-12.81 1.10 2 
-12.71 1.40 2 
-12.13 1.21 2 
-11.60 1.07 2 
-10.80 0.87 2 
-10.97 0.17 2 
-10.98 -0.08 2 
-10.31 -0.26 2 
-9.46 -0.49 2 
-8.45 -0.79 2 
-8.24 -0.14 2 
-7.91 0.87 2 
-7.53 0.78 2 
-6.51 0.48 2 
-5.36 0.14 2 
-4.45 -0.20 2 
-4.23 0.36 2 
-4.00 1.11 2 
-3.64 1.94 2 
-3.33 1.88 2 
-2.19 1.42 2 
-1.00 0.96 2 
-0.08 0.61 2 
1.01 0.11 2 
2.02 -0.23 2 
2.25 -0.33 2 
 99.00   0.00  3 
 9999999 201  76 76.1   0 BA 3500 4 
-28.33 -29.69 2 
-27.28 -29.75 2 
-26.11 -29.79 2 
-25.16 -29.81 2 
-24.35 -29.86 2 
-24.32 -29.00 2 
-24.30 -28.68 2 
-23.77 -28.71 2 
-23.13 -28.77 2 
-23.09 -28.32 2 
-22.99 -27.12 2 
-22.30 -27.19 2 
-21.79 -27.31 2 
-20.99 -27.50 2 
-21.04 -27.87 2 
-20.47 -28.00 2 
-19.91 -28.09 2 
-19.52 -28.19 2 
-19.55 -28.83 2 
-18.92 -28.89 2 
-18.31 -28.97 2 
-17.37 -29.08 2 
-17.33 -28.59 2 
-17.30 -28.27 2 
-16.69 -28.33 2 
-16.14 -28.34 2 
-15.33 -28.36 2 
-15.33 -29.10 2 
-15.30 -29.34 2 
-14.60 -29.37 2 
-13.72 -29.41 2 
-12.67 -29.47 2 
-12.61 -28.79 2 
-12.50 -27.71 2 
-12.12 -27.72 2 
-11.05 -27.78 2 
-9.86 -27.86 2 
-8.90 -28.00 2 
-8.80 -27.40 2 
-8.74 -26.61 2 
-8.56 -25.71 2 
-8.25 -25.71 2 
-7.04 -25.91 2 
-5.78 -26.11 2 
-4.80 -26.25 2 
-3.63 -26.51 2 
-2.57 -26.63 2 
-2.32 -26.68 2 
 99.00   0.00  3 
 9999999 703  76 84.7   0 BA 4000 3 
-22.81 5.26 2 
-21.80 4.91 2 
-20.68 4.55 2 
-19.76 4.27 2 
-19.00 4.01 2 
-18.77 4.80 2 
-18.67 5.09 2 
-18.17 4.92 2 
-17.56 4.70 2 
-17.42 5.10 2 
-17.05 6.20 2 
-16.40 5.96 2 
-15.93 5.72 2 
-15.20 5.34 2 
-15.34 5.00 2 
-14.81 4.73 2 
-14.29 4.50 2 
-13.93 4.32 2 
-14.11 3.72 2 
-13.52 3.50 2 
-12.94 3.28 2 
-12.06 2.93 2 
-11.91 3.39 2 
-11.80 3.68 2 
-11.22 3.48 2 
-10.69 3.33 2 
-9.91 3.11 2 
-10.08 2.41 2 
-10.11 2.17 2 
-9.43 1.97 2 
-8.59 1.72 2 
-7.59 1.40 2 
-7.37 2.04 2 
-7.01 3.04 2 
-6.64 2.95 2 
-5.62 2.63 2 
-4.48 2.26 2 
-3.58 1.91 2 
-3.34 2.46 2 
-3.10 3.20 2 
-2.72 4.02 2 
-2.41 3.96 2 
-1.28 3.48 2 
-0.10 2.99 2 
0.81 2.62 2 
1.89 2.09 2 
2.89 1.74 2 
3.12 1.63 2 
 99.00   0.00  3 
 9999999 201  76 84.7   0 BA 4000 3 
-28.53 -32.52 2 
-27.47 -32.55 2 
-26.30 -32.55 2 
-25.35 -32.54 2 
-24.55 -32.56 2 
-24.54 -31.70 2 
-24.52 -31.38 2 
-23.99 -31.39 2 
-23.35 -31.43 2 
-23.32 -30.99 2 
-23.26 -29.78 2 
-22.56 -29.83 2 
-22.05 -29.93 2 
-21.25 -30.10 2 
-21.29 -30.47 2 
-20.72 -30.59 2 
-20.15 -30.66 2 
-19.76 -30.74 2 
-19.78 -31.39 2 
-19.14 -31.43 2 
-18.53 -31.49 2 
-17.59 -31.58 2 
-17.57 -31.08 2 
-17.54 -30.76 2 
-16.93 -30.80 2 
-16.38 -30.80 2 
-15.56 -30.80 2 
-15.55 -31.53 2 
-15.51 -31.78 2 
-14.81 -31.79 2 
-13.93 -31.80 2 
-12.88 -31.84 2 
-12.84 -31.15 2 
-12.76 -30.07 2 
-12.37 -30.06 2 
-11.31 -30.10 2 
-10.11 -30.15 2 
-9.14 -30.26 2 
-9.07 -29.66 2 
-9.02 -28.87 2 
-8.87 -27.97 2 
-8.56 -27.95 2 
-7.34 -28.13 2 
-6.07 -28.29 2 
-5.10 -28.41 2 
-3.92 -28.64 2 
-2.85 -28.72 2 
-2.61 -28.77 2 
 99.00   0.00  3 
 9999999 703  76 97.5   0 BA 4500 2 
-21.19 8.22 2 
-20.20 7.84 2 
-19.08 7.46 2 
-18.18 7.15 2 
-17.42 6.87 2 
-17.17 7.65 2 
-17.06 7.93 2 
-16.57 7.75 2 
-15.96 7.52 2 
-15.81 7.91 2 
-15.42 9.00 2 
-14.77 8.73 2 
-14.31 8.49 2 
-13.59 8.09 2 
-13.73 7.76 2 
-13.22 7.48 2 
-12.70 7.24 2 
-12.34 7.04 2 
-12.54 6.45 2 
-11.95 6.22 2 
-11.38 5.98 2 
-10.50 5.62 2 
-10.34 6.06 2 
-10.23 6.35 2 
-9.66 6.13 2 
-9.13 5.97 2 
-8.35 5.73 2 
-8.55 5.05 2 
-8.57 4.80 2 
-7.91 4.59 2 
-7.07 4.32 2 
-6.08 3.97 2 
-5.84 4.61 2 
-5.46 5.59 2 
-5.09 5.49 2 
-4.08 5.14 2 
-2.95 4.75 2 
-2.05 4.37 2 
-1.81 4.92 2 
-1.55 5.65 2 
-1.14 6.46 2 
-0.84 6.39 2 
0.28 5.88 2 
1.44 5.36 2 
2.35 4.97 2 
3.41 4.41 2 
4.41 4.03 2 
4.63 3.91 2 
 99.00   0.00  3 
 9999999 201  76 97.5   0 BA 4500 2 
-29.03 -36.07 2 
-27.97 -36.05 2 
-26.80 -36.00 2 
-25.85 -35.95 2 
-25.04 -35.94 2 
-25.06 -35.07 2 
-25.06 -34.75 2 
-24.53 -34.74 2 
-23.89 -34.75 2 
-23.87 -34.31 2 
-23.85 -33.09 2 
-23.16 -33.11 2 
-22.64 -33.19 2 
-21.84 -33.33 2 
-21.86 -33.71 2 
-21.29 -33.80 2 
-20.72 -33.85 2 
-20.32 -33.91 2 
-20.32 -34.56 2 
-19.68 -34.58 2 
-19.07 -34.62 2 
-18.12 -34.67 2 
-18.12 -34.17 2 
-18.10 -33.85 2 
-17.49 -33.87 2 
-16.95 -33.85 2 
-16.13 -33.81 2 
-16.09 -34.55 2 
-16.04 -34.79 2 
-15.34 -34.77 2 
-14.46 -34.75 2 
-13.41 -34.75 2 
-13.39 -34.06 2 
-13.35 -32.98 2 
-12.96 -32.96 2 
-11.90 -32.96 2 
-10.70 -32.96 2 
-9.73 -33.03 2 
-9.67 -32.43 2 
-9.66 -31.64 2 
-9.53 -30.73 2 
-9.22 -30.71 2 
-8.00 -30.84 2 
-6.73 -30.96 2 
-5.75 -31.04 2 
-4.56 -31.23 2 
-3.50 -31.28 2 
-3.25 -31.32 2 
 99.00   0.00  3 
 9999999 703  76 118.0   0 BA 5000 1 
-17.73 13.18 2 
-16.77 12.72 2 
-15.69 12.25 2 
-14.81 11.87 2 
-14.08 11.53 2 
-13.77 12.27 2 
-13.64 12.54 2 
-13.16 12.32 2 
-12.58 12.03 2 
-12.40 12.41 2 
-11.92 13.44 2 
-11.29 13.13 2 
-10.85 12.84 2 
-10.17 12.39 2 
-10.33 12.08 2 
-9.84 11.76 2 
-9.35 11.48 2 
-9.01 11.26 2 
-9.26 10.69 2 
-8.69 10.41 2 
-8.14 10.13 2 
-7.30 9.69 2 
-7.10 10.12 2 
-6.96 10.40 2 
-6.41 10.13 2 
-5.90 9.93 2 
-5.14 9.62 2 
-5.39 8.96 2 
-5.44 8.72 2 
-4.80 8.45 2 
-3.98 8.11 2 
-3.03 7.69 2 
-2.74 8.29 2 
-2.27 9.24 2 
-1.91 9.10 2 
-0.94 8.68 2 
0.16 8.19 2 
1.02 7.74 2 
1.31 8.26 2 
1.63 8.97 2 
2.11 9.74 2 
2.40 9.64 2 
3.47 9.04 2 
4.59 8.42 2 
5.45 7.96 2 
6.47 7.31 2 
7.43 6.84 2 
7.64 6.70 2 
 99.00   0.00  3 
 9999999 201  76 118.0   0 BA 5000 1 
-28.88 -42.54 2 
-27.83 -42.38 2 
-26.67 -42.18 2 
-25.73 -42.01 2 
-24.93 -41.90 2 
-25.04 -41.04 2 
-25.07 -40.72 2 
-24.54 -40.65 2 
-23.90 -40.58 2 
-23.94 -40.13 2 
-24.04 -38.92 2 
-23.34 -38.86 2 
-22.83 -38.88 2 
-22.01 -38.92 2 
-22.00 -39.29 2 
-21.42 -39.32 2 
-20.85 -39.30 2 
-20.44 -39.32 2 
-20.38 -39.97 2 
-19.74 -39.91 2 
-19.13 -39.88 2 
-18.18 -39.82 2 
-18.23 -39.33 2 
-18.25 -39.01 2 
-17.64 -38.95 2 
-17.10 -38.87 2 
-16.29 -38.75 2 
-16.17 -39.47 2 
-16.10 -39.71 2 
-15.40 -39.62 2 
-14.53 -39.50 2 
-13.49 -39.38 2 
-13.54 -38.70 2 
-13.61 -37.61 2 
-13.23 -37.55 2 
-12.17 -37.44 2 
-10.97 -37.32 2 
-10.00 -37.29 2 
-10.01 -36.68 2 
-10.07 -35.89 2 
-10.04 -34.97 2 
-9.73 -34.91 2 
-8.51 -34.92 2 
-7.23 -34.91 2 
-6.25 -34.89 2 
-5.05 -34.96 2 
-3.98 -34.90 2 
-3.73 -34.91 2 
 99.00   0.00  3 
 9999999 701  76 70.0   0 BA 2600 6 
7.62 -29.50 3 
8.03 -29.51 2 
8.45 -29.52 2 
9.01 -29.52 2 
9.02 -29.76 2 
9.04 -30.29 2 
9.08 -30.55 2 
9.08 -31.17 2 
9.13 -31.38 2 
9.42 -31.39 2 
9.63 -31.39 2 
10.13 -31.43 2 
10.18 -32.04 2 
10.24 -32.28 2 
10.28 -32.88 2 
10.26 -33.05 2 
10.62 -33.06 2 
11.00 -33.06 2 
11.39 -33.08 2 
11.90 -33.09 2 
11.92 -33.67 2 
11.96 -34.20 2 
12.25 -34.37 2 
12.79 -34.35 2 
13.27 -34.36 2 
13.72 -34.36 2 
14.33 -34.37 2 
14.40 -34.58 2 
14.48 -35.23 2 
14.58 -35.86 2 
14.59 -36.11 2 
15.24 -36.02 2 
16.29 -35.91 2 
17.18 -35.85 2 
17.85 -35.76 2 
18.63 -35.66 2 
19.46 -35.57 2 
20.32 -35.51 2 
20.95 -35.46 2 
21.79 -35.36 2 
22.24 -35.32 2 
22.77 -35.27 2 
22.76 -35.48 2 
22.80 -35.82 2 
22.84 -36.09 2 
23.15 -36.00 2 
23.74 -35.78 2 
24.31 -35.53 2 
24.97 -35.19 2 
25.65 -34.83 2 
26.23 -34.49 2 
27.22 -33.83 2 
28.04 -33.25 2 
28.72 -32.71 2 
29.61 -32.00 2 
30.40 -31.32 2 
30.93 -30.84 2 
31.59 -30.24 2 
32.10 -29.77 2 
32.50 -29.37 2 
32.75 -29.11 2 
33.00 -28.88 2 
32.96 -28.35 2 
32.89 -27.99 2 
32.84 -27.75 2 
33.19 -27.45 2 
33.65 -27.03 2 
34.18 -26.61 2 
34.66 -26.19 2 
34.65 -25.99 2 
34.61 -25.63 2 
34.60 -25.40 2 
35.09 -25.00 2 
35.62 -24.56 2 
36.04 -24.23 2 
36.51 -23.80 2 
36.90 -23.46 2 
37.11 -23.31 2 
 99.00   0.00  3 
 9999999 101  76 70.0   0 BA 2600 6 
9.43 -50.82 3 
9.84 -50.81 2 
10.26 -50.80 2 
10.82 -50.77 2 
10.85 -51.01 2 
10.89 -51.54 2 
10.95 -51.80 2 
10.97 -52.42 2 
11.04 -52.63 2 
11.33 -52.62 2 
11.54 -52.62 2 
12.04 -52.64 2 
12.11 -53.25 2 
12.18 -53.48 2 
12.25 -54.09 2 
12.24 -54.26 2 
12.60 -54.25 2 
12.98 -54.23 2 
13.37 -54.23 2 
13.88 -54.21 2 
13.92 -54.80 2 
13.99 -55.34 2 
14.29 -55.49 2 
14.83 -55.45 2 
15.31 -55.43 2 
15.76 -55.41 2 
16.37 -55.39 2 
16.44 -55.60 2 
16.55 -56.25 2 
16.68 -56.89 2 
16.70 -57.14 2 
17.35 -57.01 2 
18.39 -56.85 2 
19.27 -56.75 2 
19.94 -56.62 2 
20.72 -56.48 2 
21.55 -56.35 2 
22.39 -56.24 2 
23.02 -56.16 2 
23.86 -56.01 2 
24.31 -55.95 2 
24.84 -55.87 2 
24.83 -56.09 2 
24.89 -56.43 2 
24.94 -56.70 2 
25.24 -56.60 2 
25.83 -56.34 2 
26.38 -56.05 2 
27.02 -55.67 2 
27.70 -55.27 2 
28.26 -54.89 2 
29.21 -54.16 2 
30.01 -53.52 2 
30.66 -52.93 2 
31.52 -52.15 2 
32.27 -51.41 2 
32.78 -50.89 2 
33.41 -50.23 2 
33.90 -49.72 2 
34.28 -49.28 2 
34.51 -49.00 2 
34.75 -48.75 2 
34.68 -48.20 2 
34.60 -47.84 2 
34.54 -47.60 2 
34.87 -47.28 2 
35.31 -46.82 2 
35.82 -46.34 2 
36.27 -45.88 2 
36.26 -45.68 2 
36.20 -45.32 2 
36.17 -45.08 2 
36.64 -44.64 2 
37.15 -44.15 2 
37.55 -43.78 2 
38.00 -43.31 2 
38.37 -42.93 2 
38.58 -42.76 2 
 99.00   0.00  3 
 9999999 701  76 71.2   0 BA 3000 5 
7.62 -29.34 3 
8.03 -29.35 2 
8.45 -29.36 2 
9.01 -29.35 2 
9.03 -29.59 2 
9.04 -30.12 2 
9.09 -30.38 2 
9.08 -31.00 2 
9.14 -31.21 2 
9.43 -31.22 2 
9.64 -31.23 2 
10.13 -31.27 2 
10.18 -31.88 2 
10.24 -32.11 2 
10.28 -32.72 2 
10.26 -32.89 2 
10.62 -32.90 2 
11.00 -32.90 2 
11.39 -32.92 2 
11.90 -32.92 2 
11.92 -33.51 2 
11.97 -34.04 2 
12.25 -34.21 2 
12.79 -34.19 2 
13.27 -34.19 2 
13.72 -34.19 2 
14.33 -34.21 2 
14.40 -34.42 2 
14.48 -35.07 2 
14.58 -35.70 2 
14.59 -35.95 2 
15.24 -35.86 2 
16.29 -35.74 2 
17.18 -35.69 2 
17.85 -35.60 2 
18.63 -35.50 2 
19.46 -35.41 2 
20.32 -35.35 2 
20.95 -35.30 2 
21.79 -35.20 2 
22.24 -35.16 2 
22.77 -35.11 2 
22.76 -35.32 2 
22.80 -35.66 2 
22.84 -35.93 2 
23.15 -35.84 2 
23.74 -35.62 2 
24.31 -35.37 2 
24.97 -35.03 2 
25.66 -34.67 2 
26.23 -34.33 2 
27.22 -33.67 2 
28.05 -33.09 2 
28.72 -32.56 2 
29.62 -31.84 2 
30.40 -31.16 2 
30.94 -30.69 2 
31.59 -30.09 2 
32.10 -29.62 2 
32.51 -29.22 2 
32.75 -28.96 2 
33.00 -28.73 2 
32.96 -28.19 2 
32.89 -27.83 2 
32.85 -27.59 2 
33.20 -27.30 2 
33.66 -26.88 2 
34.19 -26.45 2 
34.66 -26.03 2 
34.66 -25.83 2 
34.61 -25.48 2 
34.60 -25.25 2 
35.09 -24.85 2 
35.62 -24.40 2 
36.04 -24.07 2 
36.52 -23.65 2 
36.90 -23.31 2 
37.12 -23.16 2 
 99.00   0.00  3 
 9999999 101  76 71.2   0 BA 3000 5 
9.44 -50.99 3 
9.85 -50.98 2 
10.27 -50.97 2 
10.83 -50.93 2 
10.85 -51.17 2 
10.90 -51.70 2 
10.95 -51.96 2 
10.98 -52.59 2 
11.04 -52.80 2 
11.33 -52.79 2 
11.54 -52.78 2 
12.04 -52.80 2 
12.11 -53.41 2 
12.19 -53.64 2 
12.25 -54.25 2 
12.25 -54.42 2 
12.61 -54.42 2 
12.99 -54.40 2 
13.38 -54.40 2 
13.89 -54.38 2 
13.93 -54.97 2 
14.00 -55.50 2 
14.29 -55.65 2 
14.83 -55.61 2 
15.31 -55.59 2 
15.76 -55.57 2 
16.37 -55.56 2 
16.45 -55.77 2 
16.56 -56.42 2 
16.68 -57.05 2 
16.71 -57.30 2 
17.36 -57.18 2 
18.39 -57.01 2 
19.28 -56.91 2 
19.95 -56.78 2 
20.72 -56.64 2 
21.55 -56.51 2 
22.40 -56.40 2 
23.03 -56.33 2 
23.87 -56.18 2 
24.31 -56.11 2 
24.84 -56.03 2 
24.84 -56.25 2 
24.89 -56.59 2 
24.95 -56.86 2 
25.25 -56.76 2 
25.83 -56.50 2 
26.39 -56.21 2 
27.03 -55.83 2 
27.70 -55.43 2 
28.26 -55.05 2 
29.22 -54.32 2 
30.01 -53.68 2 
30.66 -53.09 2 
31.53 -52.31 2 
32.28 -51.57 2 
32.79 -51.04 2 
33.41 -50.39 2 
33.90 -49.87 2 
34.28 -49.44 2 
34.52 -49.16 2 
34.75 -48.90 2 
34.69 -48.36 2 
34.60 -48.00 2 
34.54 -47.76 2 
34.88 -47.43 2 
35.32 -46.97 2 
35.82 -46.50 2 
36.27 -46.04 2 
36.26 -45.83 2 
36.20 -45.47 2 
36.17 -45.24 2 
36.64 -44.80 2 
37.15 -44.30 2 
37.55 -43.93 2 
38.00 -43.46 2 
38.37 -43.08 2 
38.58 -42.91 2 
 99.00   0.00  3 
 9999999 701  76 76.1   0 BA 3500 4 
7.68 -27.96 3 
8.09 -27.98 2 
8.51 -27.99 2 
9.07 -28.00 2 
9.08 -28.24 2 
9.09 -28.77 2 
9.13 -29.03 2 
9.12 -29.65 2 
9.17 -29.86 2 
9.46 -29.87 2 
9.67 -29.88 2 
10.17 -29.93 2 
10.21 -30.54 2 
10.27 -30.77 2 
10.30 -31.38 2 
10.28 -31.55 2 
10.64 -31.56 2 
11.02 -31.57 2 
11.41 -31.59 2 
11.92 -31.60 2 
11.93 -32.19 2 
11.97 -32.72 2 
12.25 -32.89 2 
12.79 -32.88 2 
13.27 -32.89 2 
13.72 -32.90 2 
14.33 -32.92 2 
14.39 -33.13 2 
14.47 -33.78 2 
14.56 -34.41 2 
14.57 -34.66 2 
15.22 -34.58 2 
16.27 -34.48 2 
17.16 -34.44 2 
17.83 -34.35 2 
18.62 -34.27 2 
19.45 -34.19 2 
20.30 -34.14 2 
20.93 -34.10 2 
21.78 -34.01 2 
22.23 -33.98 2 
22.76 -33.93 2 
22.74 -34.15 2 
22.78 -34.49 2 
22.82 -34.76 2 
23.12 -34.67 2 
23.72 -34.46 2 
24.29 -34.22 2 
24.95 -33.89 2 
25.65 -33.54 2 
26.23 -33.21 2 
27.23 -32.56 2 
28.06 -32.00 2 
28.74 -31.47 2 
29.64 -30.77 2 
30.44 -30.11 2 
30.98 -29.64 2 
31.64 -29.05 2 
32.16 -28.59 2 
32.56 -28.19 2 
32.81 -27.94 2 
33.06 -27.72 2 
33.03 -27.18 2 
32.97 -26.82 2 
32.93 -26.58 2 
33.28 -26.29 2 
33.74 -25.88 2 
34.28 -25.46 2 
34.76 -25.05 2 
34.76 -24.85 2 
34.72 -24.49 2 
34.71 -24.26 2 
35.20 -23.87 2 
35.74 -23.43 2 
36.16 -23.11 2 
36.64 -22.69 2 
37.04 -22.36 2 
37.25 -22.21 2 
 99.00   0.00  3 
 9999999 101  76 76.1   0 BA 3500 4 
9.56 -52.35 3 
9.97 -52.34 2 
10.39 -52.32 2 
10.95 -52.28 2 
10.98 -52.52 2 
11.02 -53.05 2 
11.08 -53.31 2 
11.11 -53.93 2 
11.18 -54.14 2 
11.47 -54.13 2 
11.68 -54.13 2 
12.18 -54.14 2 
12.26 -54.75 2 
12.34 -54.98 2 
12.41 -55.59 2 
12.41 -55.76 2 
12.77 -55.75 2 
13.15 -55.72 2 
13.54 -55.72 2 
14.05 -55.69 2 
14.09 -56.28 2 
14.17 -56.81 2 
14.47 -56.96 2 
15.01 -56.92 2 
15.49 -56.89 2 
15.93 -56.86 2 
16.54 -56.84 2 
16.62 -57.05 2 
16.74 -57.70 2 
16.87 -58.33 2 
16.90 -58.58 2 
17.55 -58.45 2 
18.58 -58.27 2 
19.47 -58.16 2 
20.13 -58.02 2 
20.91 -57.87 2 
21.74 -57.73 2 
22.58 -57.61 2 
23.21 -57.52 2 
24.05 -57.36 2 
24.49 -57.29 2 
25.02 -57.20 2 
25.02 -57.42 2 
25.08 -57.77 2 
25.14 -58.04 2 
25.43 -57.92 2 
26.02 -57.66 2 
26.57 -57.36 2 
27.21 -56.97 2 
27.87 -56.56 2 
28.43 -56.17 2 
29.38 -55.42 2 
30.16 -54.77 2 
30.81 -54.17 2 
31.66 -53.37 2 
32.40 -52.62 2 
32.91 -52.09 2 
33.52 -51.42 2 
34.01 -50.90 2 
34.38 -50.45 2 
34.61 -50.17 2 
34.84 -49.91 2 
34.77 -49.37 2 
34.68 -49.01 2 
34.62 -48.77 2 
34.95 -48.44 2 
35.39 -47.97 2 
35.89 -47.49 2 
36.33 -47.02 2 
36.32 -46.81 2 
36.25 -46.45 2 
36.22 -46.22 2 
36.69 -45.77 2 
37.19 -45.27 2 
37.59 -44.89 2 
38.03 -44.41 2 
38.40 -44.02 2 
38.60 -43.84 2 
 99.00   0.00  3 
 9999999 701  76 84.7   0 BA 4000 3 
7.64 -25.78 3 
8.05 -25.80 2 
8.47 -25.83 2 
9.03 -25.85 2 
9.03 -26.09 2 
9.03 -26.62 2 
9.06 -26.88 2 
9.03 -27.50 2 
9.08 -27.71 2 
9.37 -27.73 2 
9.58 -27.74 2 
10.07 -27.81 2 
10.10 -28.42 2 
10.15 -28.65 2 
10.16 -29.26 2 
10.14 -29.43 2 
10.50 -29.45 2 
10.88 -29.47 2 
11.27 -29.50 2 
11.78 -29.53 2 
11.77 -30.11 2 
11.80 -30.65 2 
12.08 -30.82 2 
12.62 -30.83 2 
13.10 -30.85 2 
13.55 -30.87 2 
14.16 -30.91 2 
14.21 -31.12 2 
14.27 -31.78 2 
14.34 -32.41 2 
14.35 -32.66 2 
15.00 -32.59 2 
16.05 -32.52 2 
16.94 -32.50 2 
17.62 -32.44 2 
18.41 -32.37 2 
19.24 -32.32 2 
20.09 -32.29 2 
20.73 -32.28 2 
21.57 -32.21 2 
22.02 -32.19 2 
22.56 -32.16 2 
22.53 -32.38 2 
22.56 -32.72 2 
22.60 -32.99 2 
22.90 -32.91 2 
23.51 -32.72 2 
24.08 -32.49 2 
24.75 -32.19 2 
25.45 -31.86 2 
26.04 -31.55 2 
27.06 -30.93 2 
27.90 -30.40 2 
28.59 -29.90 2 
29.52 -29.23 2 
30.33 -28.59 2 
30.88 -28.14 2 
31.56 -27.58 2 
32.09 -27.14 2 
32.50 -26.76 2 
32.76 -26.51 2 
33.02 -26.29 2 
33.00 -25.76 2 
32.94 -25.39 2 
32.91 -25.15 2 
33.27 -24.88 2 
33.74 -24.48 2 
34.29 -24.08 2 
34.78 -23.69 2 
34.78 -23.49 2 
34.75 -23.13 2 
34.75 -22.90 2 
35.25 -22.53 2 
35.80 -22.12 2 
36.23 -21.81 2 
36.72 -21.41 2 
37.12 -21.09 2 
37.34 -20.96 2 
 99.00   0.00  3 
 9999999 101  76 84.7   0 BA 4000 3 
10.04 -54.51 3 
10.45 -54.49 2 
10.87 -54.46 2 
11.43 -54.41 2 
11.46 -54.65 2 
11.53 -55.18 2 
11.59 -55.44 2 
11.64 -56.06 2 
11.71 -56.27 2 
12.00 -56.25 2 
12.21 -56.24 2 
12.71 -56.24 2 
12.80 -56.85 2 
12.89 -57.07 2 
12.97 -57.68 2 
12.97 -57.85 2 
13.33 -57.83 2 
13.71 -57.80 2 
14.10 -57.79 2 
14.61 -57.75 2 
14.67 -58.34 2 
14.76 -58.87 2 
15.06 -59.01 2 
15.60 -58.95 2 
16.08 -58.91 2 
16.52 -58.87 2 
17.13 -58.84 2 
17.21 -59.04 2 
17.35 -59.69 2 
17.50 -60.32 2 
17.53 -60.57 2 
18.17 -60.42 2 
19.20 -60.22 2 
20.09 -60.08 2 
20.75 -59.93 2 
21.52 -59.76 2 
22.34 -59.59 2 
23.19 -59.45 2 
23.81 -59.34 2 
24.64 -59.16 2 
25.09 -59.08 2 
25.62 -58.97 2 
25.62 -59.19 2 
25.69 -59.53 2 
25.75 -59.80 2 
26.05 -59.68 2 
26.62 -59.40 2 
27.17 -59.09 2 
27.79 -58.68 2 
28.45 -58.24 2 
29.00 -57.83 2 
29.93 -57.05 2 
30.70 -56.37 2 
31.33 -55.75 2 
32.16 -54.92 2 
32.89 -54.14 2 
33.38 -53.58 2 
33.98 -52.89 2 
34.45 -52.35 2 
34.81 -51.89 2 
35.03 -51.60 2 
35.26 -51.33 2 
35.18 -50.79 2 
35.08 -50.43 2 
35.01 -50.19 2 
35.33 -49.84 2 
35.75 -49.36 2 
36.25 -48.85 2 
36.68 -48.36 2 
36.65 -48.16 2 
36.58 -47.80 2 
36.55 -47.57 2 
37.00 -47.10 2 
37.49 -46.57 2 
37.88 -46.18 2 
38.31 -45.68 2 
38.66 -45.27 2 
38.86 -45.09 2 
 99.00   0.00  3 
 9999999 701  76 97.5   0 BA 4500 2 
7.23 -22.49 3 
7.64 -22.53 2 
8.06 -22.58 2 
8.62 -22.62 2 
8.61 -22.86 2 
8.59 -23.39 2 
8.61 -23.65 2 
8.55 -24.27 2 
8.59 -24.48 2 
8.88 -24.51 2 
9.09 -24.54 2 
9.58 -24.62 2 
9.58 -25.23 2 
9.62 -25.46 2 
9.61 -26.07 2 
9.58 -26.24 2 
9.94 -26.28 2 
10.32 -26.31 2 
10.71 -26.36 2 
11.22 -26.41 2 
11.18 -26.99 2 
11.19 -27.52 2 
11.46 -27.71 2 
12.00 -27.74 2 
12.48 -27.79 2 
12.93 -27.82 2 
13.53 -27.89 2 
13.58 -28.11 2 
13.61 -28.76 2 
13.66 -29.39 2 
13.65 -29.64 2 
14.31 -29.60 2 
15.36 -29.58 2 
16.25 -29.60 2 
16.93 -29.57 2 
17.72 -29.54 2 
18.55 -29.52 2 
19.41 -29.53 2 
20.04 -29.55 2 
20.89 -29.52 2 
21.34 -29.52 2 
21.87 -29.52 2 
21.84 -29.73 2 
21.86 -30.07 2 
21.88 -30.34 2 
22.19 -30.28 2 
22.80 -30.12 2 
23.38 -29.92 2 
24.07 -29.65 2 
24.78 -29.36 2 
25.38 -29.08 2 
26.42 -28.52 2 
27.29 -28.03 2 
28.00 -27.57 2 
28.95 -26.96 2 
29.79 -26.37 2 
30.36 -25.95 2 
31.06 -25.43 2 
31.60 -25.02 2 
32.03 -24.67 2 
32.30 -24.44 2 
32.56 -24.24 2 
32.57 -23.70 2 
32.53 -23.34 2 
32.51 -23.10 2 
32.88 -22.84 2 
33.37 -22.48 2 
33.93 -22.12 2 
34.43 -21.76 2 
34.44 -21.56 2 
34.43 -21.20 2 
34.44 -20.97 2 
34.96 -20.64 2 
35.52 -20.26 2 
35.97 -19.98 2 
36.47 -19.62 2 
36.89 -19.33 2 
37.11 -19.20 2 
 99.00   0.00  3 
 9999999 101  76 97.5   0 BA 4500 2 
11.35 -57.72 3 
11.76 -57.68 2 
12.17 -57.64 2 
12.73 -57.56 2 
12.77 -57.80 2 
12.85 -58.33 2 
12.93 -58.59 2 
12.99 -59.21 2 
13.07 -59.42 2 
13.36 -59.39 2 
13.57 -59.37 2 
14.07 -59.35 2 
14.19 -59.96 2 
14.28 -60.18 2 
14.39 -60.79 2 
14.39 -60.96 2 
14.75 -60.93 2 
15.13 -60.88 2 
15.52 -60.85 2 
16.02 -60.79 2 
16.11 -61.39 2 
16.22 -61.92 2 
16.52 -62.05 2 
17.05 -61.97 2 
17.53 -61.91 2 
17.98 -61.86 2 
18.58 -61.80 2 
18.67 -62.00 2 
18.83 -62.65 2 
19.00 -63.28 2 
19.04 -63.53 2 
19.68 -63.35 2 
20.70 -63.11 2 
21.58 -62.94 2 
22.24 -62.76 2 
23.00 -62.55 2 
23.82 -62.35 2 
24.66 -62.17 2 
25.28 -62.04 2 
26.10 -61.82 2 
26.54 -61.72 2 
27.07 -61.59 2 
27.08 -61.81 2 
27.16 -62.16 2 
27.23 -62.43 2 
27.52 -62.29 2 
28.09 -61.98 2 
28.62 -61.64 2 
29.23 -61.19 2 
29.87 -60.72 2 
30.41 -60.29 2 
31.31 -59.45 2 
32.05 -58.72 2 
32.66 -58.06 2 
33.46 -57.18 2 
34.16 -56.34 2 
34.63 -55.76 2 
35.20 -55.02 2 
35.65 -54.45 2 
36.00 -53.96 2 
36.21 -53.65 2 
36.42 -53.37 2 
36.32 -52.82 2 
36.21 -52.46 2 
36.13 -52.23 2 
36.44 -51.86 2 
36.84 -51.34 2 
37.31 -50.80 2 
37.72 -50.28 2 
37.69 -50.07 2 
37.61 -49.71 2 
37.57 -49.48 2 
38.00 -48.98 2 
38.47 -48.41 2 
38.84 -47.99 2 
39.25 -47.45 2 
39.59 -47.02 2 
39.78 -46.82 2 
 99.00   0.00  3 
 9999999 701  76 118.0   0 BA 5000 1 
6.93 -16.61 3 
7.33 -16.68 2 
7.74 -16.76 2 
8.29 -16.85 2 
8.27 -17.09 2 
8.20 -17.61 2 
8.20 -17.88 2 
8.10 -18.48 2 
8.12 -18.70 2 
8.40 -18.76 2 
8.61 -18.79 2 
9.09 -18.92 2 
9.04 -19.53 2 
9.07 -19.76 2 
9.00 -20.37 2 
8.96 -20.53 2 
9.32 -20.60 2 
9.69 -20.66 2 
10.07 -20.75 2 
10.57 -20.84 2 
10.50 -21.42 2 
10.46 -21.94 2 
10.71 -22.15 2 
11.25 -22.23 2 
11.72 -22.31 2 
12.17 -22.39 2 
12.77 -22.51 2 
12.80 -22.72 2 
12.78 -23.37 2 
12.77 -24.01 2 
12.74 -24.25 2 
13.40 -24.27 2 
14.45 -24.34 2 
15.34 -24.43 2 
16.02 -24.46 2 
16.80 -24.50 2 
17.64 -24.56 2 
18.49 -24.65 2 
19.12 -24.72 2 
19.96 -24.77 2 
20.41 -24.81 2 
20.95 -24.85 2 
20.90 -25.06 2 
20.89 -25.40 2 
20.89 -25.67 2 
21.20 -25.64 2 
21.82 -25.53 2 
22.42 -25.39 2 
23.12 -25.19 2 
23.85 -24.97 2 
24.48 -24.75 2 
25.55 -24.30 2 
26.45 -23.90 2 
27.20 -23.52 2 
28.20 -23.01 2 
29.08 -22.52 2 
29.68 -22.17 2 
30.42 -21.73 2 
31.00 -21.38 2 
31.45 -21.08 2 
31.74 -20.89 2 
32.02 -20.72 2 
32.07 -20.19 2 
32.05 -19.82 2 
32.05 -19.58 2 
32.44 -19.37 2 
32.96 -19.07 2 
33.55 -18.78 2 
34.08 -18.48 2 
34.11 -18.28 2 
34.12 -17.93 2 
34.15 -17.70 2 
34.69 -17.43 2 
35.28 -17.12 2 
35.75 -16.90 2 
36.28 -16.60 2 
36.72 -16.37 2 
36.95 -16.27 2 
 99.00   0.00  3 
 9999999 101  76 118.0   0 BA 5000 1 
14.02 -63.32 3 
14.42 -63.25 2 
14.84 -63.18 2 
15.39 -63.06 2 
15.45 -63.30 2 
15.56 -63.83 2 
15.65 -64.09 2 
15.76 -64.71 2 
15.85 -64.91 2 
16.14 -64.86 2 
16.35 -64.83 2 
16.85 -64.77 2 
17.00 -65.38 2 
17.11 -65.60 2 
17.25 -66.21 2 
17.27 -66.39 2 
17.63 -66.32 2 
18.00 -66.25 2 
18.39 -66.19 2 
18.89 -66.10 2 
19.01 -66.69 2 
19.15 -67.22 2 
19.46 -67.34 2 
19.99 -67.21 2 
20.46 -67.12 2 
20.91 -67.03 2 
21.51 -66.93 2 
21.61 -67.13 2 
21.81 -67.78 2 
22.02 -68.41 2 
22.07 -68.66 2 
22.70 -68.44 2 
23.70 -68.11 2 
24.57 -67.87 2 
25.21 -67.64 2 
25.96 -67.37 2 
26.77 -67.10 2 
27.59 -66.85 2 
28.20 -66.67 2 
29.01 -66.37 2 
29.44 -66.23 2 
29.96 -66.05 2 
29.98 -66.28 2 
30.08 -66.63 2 
30.17 -66.90 2 
30.45 -66.74 2 
31.00 -66.37 2 
31.51 -65.97 2 
32.09 -65.46 2 
32.70 -64.92 2 
33.20 -64.42 2 
34.04 -63.48 2 
34.74 -62.66 2 
35.30 -61.92 2 
36.04 -60.93 2 
36.67 -60.00 2 
37.10 -59.35 2 
37.62 -58.53 2 
38.02 -57.89 2 
38.33 -57.35 2 
38.52 -57.01 2 
38.72 -56.69 2 
38.57 -56.14 2 
38.43 -55.79 2 
38.34 -55.55 2 
38.62 -55.14 2 
38.98 -54.56 2 
39.41 -53.95 2 
39.79 -53.37 2 
39.74 -53.16 2 
39.63 -52.80 2 
39.57 -52.57 2 
39.96 -52.00 2 
40.39 -51.37 2 
40.72 -50.89 2 
41.09 -50.28 2 
41.40 -49.80 2 
41.57 -49.57 2 
 99.00   0.00  3 
